#
# A fatal error has been detected by the Java Runtime Environment:
#
#  SIGSEGV (0xb) at pc=0x0000000000000000, pid=3267, tid=27415
#
# JRE version: Java(TM) SE Runtime Environment (8.0_25-b17) (build 1.8.0_25-b17)
# Java VM: Java HotSpot(TM) 64-Bit Server VM (25.25-b02 mixed mode bsd-amd64 compressed oops)
# Problematic frame:
# C  0x0000000000000000
#
# Failed to write core dump. Core dumps have been disabled. To enable core dumping, try "ulimit -c unlimited" before starting Java again
#
# If you would like to submit a bug report, please visit:
#   http://bugreport.sun.com/bugreport/crash.jsp
#

---------------  T H R E A D  ---------------

Current thread is native thread

siginfo: si_signo: 11 (SIGSEGV), si_code: 1 (SEGV_MAPERR), si_addr: 0x0000000000000000

Registers:
RAX=0x0000000114387508, RBX=0x00000000000161b0, RCX=0x0000000000000010, RDX=0xfffffffffffffff0
RSP=0x000070000a0b49e8, RBP=0x000070000a0b4a90, RSI=0x0000000000000000, RDI=0x00007f92eb897e00
R8 =0x0000000000000200, R9 =0x00007f92e7428c70, R10=0x00007f92ebadd228, R11=0xfffffffffffd1c60
R12=0x0000000000000200, R13=0x00007f92eb897e00, R14=0x00007f92e7457010, R15=0x0000000000000800
RIP=0x0000000000000000, EFLAGS=0x0000000000010246, ERR=0x0000000000000014
  TRAPNO=0x000000000000000e

Top of Stack: (sp=0x000070000a0b49e8)
0x000070000a0b49e8:   0000000114359639 0000000000000000
0x000070000a0b49f8:   0000000000000000 00007f92eb89ffb0
0x000070000a0b4a08:   0000000112e31010 00007f92eb89dfb0
0x000070000a0b4a18:   0000020000000000 0000000000000000
0x000070000a0b4a28:   0000000000000800 0000000000000200
0x000070000a0b4a38:   00007f92eb89bfb0 00007f92eb897e00
0x000070000a0b4a48:   0000020000000000 0000000000000003
0x000070000a0b4a58:   000000000000037f 4b4fe42346770074
0x000070000a0b4a68:   00007f92e753f6b0 0000000000000200
0x000070000a0b4a78:   00007f92e753f9b8 00007f92e7457010
0x000070000a0b4a88:   00007f92e7428c70 000070000a0b4aa0
0x000070000a0b4a98:   00000001143692ef 000070000a0b4b20
0x000070000a0b4aa8:   000000012b6b81f9 000000010b1a6000
0x000070000a0b4ab8:   00007f92e753f728 00007f92ebadd000
0x000070000a0b4ac8:   00007f92ebadd1f8 00007f92e753f6b0
0x000070000a0b4ad8:   00000000b2dcf472 000070000a0b4c58
0x000070000a0b4ae8:   000070000a0b4c38 0000020000000000
0x000070000a0b4af8:   000070000a0b4c38 00007f92ebadd000
0x000070000a0b4b08:   00007f92e753f940 00007f92e32e0cc0
0x000070000a0b4b18:   0000000000000200 000070000a0b4b70
0x000070000a0b4b28:   000000012b7c5084 000070000a0b4c10
0x000070000a0b4b38:   000070000a0b4c58 00000000e753faa0
0x000070000a0b4b48:   0000000000000000 00007f92ebadd000
0x000070000a0b4b58:   0000000000000000 0000000000000200
0x000070000a0b4b68:   00007f92e32e0cc0 000070000a0b4be0
0x000070000a0b4b78:   000000012b7c4d84 00007f92e32e0cc0
0x000070000a0b4b88:   00007f92e753f940 000070000a0b4c38
0x000070000a0b4b98:   00007f92e32e0cc0 00001fa0b029d19e
0x000070000a0b4ba8:   000070000a0b4c58 00009fe000000000
0x000070000a0b4bb8:   00007f92ebadd000 00007f92e32e0cc0
0x000070000a0b4bc8:   00007f92e7507980 0000000000000200
0x000070000a0b4bd8:   0000000000000200 000070000a0b4cd0 

Instructions: (pc=0x0000000000000000)
0xffffffffffffffe0:   

Register to memory mapping:

RAX=0x0000000114387508: PlaybackBackend+0x20 in /Users/johanjulien/.gradle/caches/minecraft/net/minecraft/natives/1.10.2/openal.dylib at 0x000000011433e000
RBX=0x00000000000161b0 is an unknown value
RCX=0x0000000000000010 is an unknown value
RDX=0xfffffffffffffff0 is an unknown value
RSP=0x000070000a0b49e8 is an unknown value
RBP=0x000070000a0b4a90 is an unknown value
RSI=0x0000000000000000 is an unknown value
RDI=0x00007f92eb897e00 is an unknown value
R8 =0x0000000000000200 is an unknown value
R9 =0x00007f92e7428c70 is an unknown value
R10=0x00007f92ebadd228 is an unknown value
R11=0xfffffffffffd1c60 is an unknown value
R12=0x0000000000000200 is an unknown value
R13=0x00007f92eb897e00 is an unknown value
R14=0x00007f92e7457010 is an unknown value
R15=0x0000000000000800 is an unknown value


Stack: [0x000070000a035000,0x000070000a0b5000],  sp=0x000070000a0b49e8,  free space=510k

---------------  P R O C E S S  ---------------

VM state:at safepoint (shutting down)

VM Mutex/Monitor currently owned by a thread:  ([mutex/lock_event])
[0x00007f92e0e08500] Threads_lock - owner thread: 0x00007f92e2015800

Heap:
 PSYoungGen      total 289792K, used 34854K [0x00000007aab00000, 0x00000007bf980000, 0x00000007c0000000)
  eden space 241152K, 2% used [0x00000007aab00000,0x00000007aafe8738,0x00000007b9680000)
  from space 48640K, 61% used [0x00000007bca00000,0x00000007be721308,0x00000007bf980000)
  to   space 50688K, 0% used [0x00000007b9680000,0x00000007b9680000,0x00000007bc800000)
 ParOldGen       total 366080K, used 302941K [0x0000000780000000, 0x0000000796580000, 0x00000007aab00000)
  object space 366080K, 82% used [0x0000000780000000,0x00000007927d77d8,0x0000000796580000)
 Metaspace       used 67135K, capacity 67515K, committed 67968K, reserved 1107968K
  class space    used 9183K, capacity 9278K, committed 9344K, reserved 1048576K

Card table byte_map: [0x000000010cedc000,0x000000010d0dd000] byte_map_base: 0x00000001092dc000

Marking Bits: (ParMarkBitMap*) 0x000000010c49d390
 Begin Bits: [0x000000010d233000, 0x000000010e233000)
 End Bits:   [0x000000010e233000, 0x000000010f233000)

Polling page: 0x000000010b249000

CodeCache: size=245760Kb used=33107Kb max_used=34253Kb free=212652Kb
 bounds [0x00000001173dc000, 0x00000001195fc000, 0x00000001263dc000]
 total_blobs=9632 nmethods=8714 adapters=828
 compilation: enabled

Compilation events (10 events):
Event: 413.660 Thread 0x00007f92e2902000 12985       3       net.minecraft.nbt.NBTTagFloat::write (11 bytes)
Event: 413.660 Thread 0x00007f92e2902000 nmethod 12985 0x0000000119081e50 code [0x0000000119081fc0, 0x00000001190821e8]
Event: 413.665 Thread 0x00007f92e2133800 nmethod 12980 0x00000001189d5cd0 code [0x00000001189d5f00, 0x00000001189d6d30]
Event: 413.665 Thread 0x00007f92e2133800 12981       4       net.minecraft.nbt.NBTTagCompound::setTag (13 bytes)
Event: 413.667 Thread 0x00007f92e2133800 nmethod 12981 0x0000000118a60410 code [0x0000000118a60560, 0x0000000118a60628]
Event: 413.842 Thread 0x00007f92e2902000 12988       3       java.io.DataOutputStream::writeLong (118 bytes)
Event: 413.842 Thread 0x00007f92e2133800 12987       4       java.io.DataOutputStream::writeShort (35 bytes)
Event: 413.843 Thread 0x00007f92e2902000 nmethod 12988 0x0000000118cdea10 code [0x0000000118cdeba0, 0x0000000118cdefe8]
Event: 413.845 Thread 0x00007f92e2133800 nmethod 12987 0x0000000118ab3250 code [0x0000000118ab33a0, 0x0000000118ab3478]
Event: 413.875 Thread 0x00007f92e2902000 12989       3       com.google.common.collect.MapMakerInternalMap$Segment::runUnlockedCleanup (15 bytes)

GC Heap History (10 events):
Event: 371.049 GC heap before
{Heap before GC invocations=86 (full 10):
 PSYoungGen      total 274432K, used 239178K [0x00000007aab00000, 0x00000007bf800000, 0x00000007c0000000)
  eden space 211456K, 100% used [0x00000007aab00000,0x00000007b7980000,0x00000007b7980000)
  from space 62976K, 44% used [0x00000007b7980000,0x00000007b9492b38,0x00000007bb700000)
  to   space 59904K, 0% used [0x00000007bbd80000,0x00000007bbd80000,0x00000007bf800000)
 ParOldGen       total 366080K, used 302917K [0x0000000780000000, 0x0000000796580000, 0x00000007aab00000)
  object space 366080K, 82% used [0x0000000780000000,0x00000007927d17d8,0x0000000796580000)
 Metaspace       used 67018K, capacity 67419K, committed 67968K, reserved 1107968K
  class space    used 9172K, capacity 9246K, committed 9344K, reserved 1048576K
Event: 371.107 GC heap after
Heap after GC invocations=86 (full 10):
 PSYoungGen      total 274944K, used 27786K [0x00000007aab00000, 0x00000007bf300000, 0x00000007c0000000)
  eden space 220160K, 0% used [0x00000007aab00000,0x00000007aab00000,0x00000007b8200000)
  from space 54784K, 50% used [0x00000007bbd80000,0x00000007bd8a2b38,0x00000007bf300000)
  to   space 57856K, 0% used [0x00000007b8200000,0x00000007b8200000,0x00000007bba80000)
 ParOldGen       total 366080K, used 302917K [0x0000000780000000, 0x0000000796580000, 0x00000007aab00000)
  object space 366080K, 82% used [0x0000000780000000,0x00000007927d17d8,0x0000000796580000)
 Metaspace       used 67018K, capacity 67419K, committed 67968K, reserved 1107968K
  class space    used 9172K, capacity 9246K, committed 9344K, reserved 1048576K
}
Event: 380.714 GC heap before
{Heap before GC invocations=87 (full 10):
 PSYoungGen      total 274944K, used 247946K [0x00000007aab00000, 0x00000007bf300000, 0x00000007c0000000)
  eden space 220160K, 100% used [0x00000007aab00000,0x00000007b8200000,0x00000007b8200000)
  from space 54784K, 50% used [0x00000007bbd80000,0x00000007bd8a2b38,0x00000007bf300000)
  to   space 57856K, 0% used [0x00000007b8200000,0x00000007b8200000,0x00000007bba80000)
 ParOldGen       total 366080K, used 302917K [0x0000000780000000, 0x0000000796580000, 0x00000007aab00000)
  object space 366080K, 82% used [0x0000000780000000,0x00000007927d17d8,0x0000000796580000)
 Metaspace       used 67040K, capacity 67419K, committed 67968K, reserved 1107968K
  class space    used 9172K, capacity 9246K, committed 9344K, reserved 1048576K
Event: 380.995 GC heap after
Heap after GC invocations=87 (full 10):
 PSYoungGen      total 278016K, used 28427K [0x00000007aab00000, 0x00000007bfa00000, 0x00000007c0000000)
  eden space 220160K, 0% used [0x00000007aab00000,0x00000007aab00000,0x00000007b8200000)
  from space 57856K, 49% used [0x00000007b8200000,0x00000007b9dc2e30,0x00000007bba80000)
  to   space 55808K, 0% used [0x00000007bc380000,0x00000007bc380000,0x00000007bfa00000)
 ParOldGen       total 366080K, used 302925K [0x0000000780000000, 0x0000000796580000, 0x00000007aab00000)
  object space 366080K, 82% used [0x0000000780000000,0x00000007927d37d8,0x0000000796580000)
 Metaspace       used 67040K, capacity 67419K, committed 67968K, reserved 1107968K
  class space    used 9172K, capacity 9246K, committed 9344K, reserved 1048576K
}
Event: 391.492 GC heap before
{Heap before GC invocations=88 (full 10):
 PSYoungGen      total 278016K, used 248587K [0x00000007aab00000, 0x00000007bfa00000, 0x00000007c0000000)
  eden space 220160K, 100% used [0x00000007aab00000,0x00000007b8200000,0x00000007b8200000)
  from space 57856K, 49% used [0x00000007b8200000,0x00000007b9dc2e30,0x00000007bba80000)
  to   space 55808K, 0% used [0x00000007bc380000,0x00000007bc380000,0x00000007bfa00000)
 ParOldGen       total 366080K, used 302925K [0x0000000780000000, 0x0000000796580000, 0x00000007aab00000)
  object space 366080K, 82% used [0x0000000780000000,0x00000007927d37d8,0x0000000796580000)
 Metaspace       used 67049K, capacity 67419K, committed 67968K, reserved 1107968K
  class space    used 9172K, capacity 9246K, committed 9344K, reserved 1048576K
Event: 391.569 GC heap after
Heap after GC invocations=88 (full 10):
 PSYoungGen      total 280064K, used 28427K [0x00000007aab00000, 0x00000007bf480000, 0x00000007c0000000)
  eden space 229888K, 0% used [0x00000007aab00000,0x00000007aab00000,0x00000007b8b80000)
  from space 50176K, 56% used [0x00000007bc380000,0x00000007bdf42e30,0x00000007bf480000)
  to   space 53760K, 0% used [0x00000007b8b80000,0x00000007b8b80000,0x00000007bc000000)
 ParOldGen       total 366080K, used 302925K [0x0000000780000000, 0x0000000796580000, 0x00000007aab00000)
  object space 366080K, 82% used [0x0000000780000000,0x00000007927d37d8,0x0000000796580000)
 Metaspace       used 67049K, capacity 67419K, committed 67968K, reserved 1107968K
  class space    used 9172K, capacity 9246K, committed 9344K, reserved 1048576K
}
Event: 402.979 GC heap before
{Heap before GC invocations=89 (full 10):
 PSYoungGen      total 280064K, used 258315K [0x00000007aab00000, 0x00000007bf480000, 0x00000007c0000000)
  eden space 229888K, 100% used [0x00000007aab00000,0x00000007b8b80000,0x00000007b8b80000)
  from space 50176K, 56% used [0x00000007bc380000,0x00000007bdf42e30,0x00000007bf480000)
  to   space 53760K, 0% used [0x00000007b8b80000,0x00000007b8b80000,0x00000007bc000000)
 ParOldGen       total 366080K, used 302925K [0x0000000780000000, 0x0000000796580000, 0x00000007aab00000)
  object space 366080K, 82% used [0x0000000780000000,0x00000007927d37d8,0x0000000796580000)
 Metaspace       used 67064K, capacity 67419K, committed 67968K, reserved 1107968K
  class space    used 9173K, capacity 9246K, committed 9344K, reserved 1048576K
Event: 403.269 GC heap after
Heap after GC invocations=89 (full 10):
 PSYoungGen      total 283648K, used 28555K [0x00000007aab00000, 0x00000007bfd00000, 0x00000007c0000000)
  eden space 229888K, 0% used [0x00000007aab00000,0x00000007aab00000,0x00000007b8b80000)
  from space 53760K, 53% used [0x00000007b8b80000,0x00000007ba762e30,0x00000007bc000000)
  to   space 52224K, 0% used [0x00000007bca00000,0x00000007bca00000,0x00000007bfd00000)
 ParOldGen       total 366080K, used 302933K [0x0000000780000000, 0x0000000796580000, 0x00000007aab00000)
  object space 366080K, 82% used [0x0000000780000000,0x00000007927d57d8,0x0000000796580000)
 Metaspace       used 67064K, capacity 67419K, committed 67968K, reserved 1107968K
  class space    used 9173K, capacity 9246K, committed 9344K, reserved 1048576K
}
Event: 413.337 GC heap before
{Heap before GC invocations=90 (full 10):
 PSYoungGen      total 283648K, used 258443K [0x00000007aab00000, 0x00000007bfd00000, 0x00000007c0000000)
  eden space 229888K, 100% used [0x00000007aab00000,0x00000007b8b80000,0x00000007b8b80000)
  from space 53760K, 53% used [0x00000007b8b80000,0x00000007ba762e30,0x00000007bc000000)
  to   space 52224K, 0% used [0x00000007bca00000,0x00000007bca00000,0x00000007bfd00000)
 ParOldGen       total 366080K, used 302933K [0x0000000780000000, 0x0000000796580000, 0x00000007aab00000)
  object space 366080K, 82% used [0x0000000780000000,0x00000007927d57d8,0x0000000796580000)
 Metaspace       used 67124K, capacity 67515K, committed 67968K, reserved 1107968K
  class space    used 9183K, capacity 9278K, committed 9344K, reserved 1048576K
