#
# A fatal error has been detected by the Java Runtime Environment:
#
#  SIGSEGV (0xb) at pc=0x0000000000000000, pid=3719, tid=64011
#
# JRE version: Java(TM) SE Runtime Environment (8.0_25-b17) (build 1.8.0_25-b17)
# Java VM: Java HotSpot(TM) 64-Bit Server VM (25.25-b02 mixed mode bsd-amd64 compressed oops)
# Problematic frame:
# C  0x0000000000000000
#
# Failed to write core dump. Core dumps have been disabled. To enable core dumping, try "ulimit -c unlimited" before starting Java again
#
# If you would like to submit a bug report, please visit:
#   http://bugreport.sun.com/bugreport/crash.jsp
#

---------------  T H R E A D  ---------------

Current thread is native thread

siginfo: si_signo: 11 (SIGSEGV), si_code: 1 (SEGV_MAPERR), si_addr: 0x0000000000000000

Registers:
RAX=0x0000000120f69508, RBX=0x00000000000161b0, RCX=0x0000000000000010, RDX=0xfffffffffffffff0
RSP=0x0000700004e4d9e8, RBP=0x0000700004e4da90, RSI=0x0000000000000000, RDI=0x00007fe1100c6600
R8 =0x0000000000000200, R9 =0x00007fe1032f7940, R10=0x00007fe11071de28, R11=0x00000000000361d0
R12=0x0000000000000200, R13=0x00007fe1100c6600, R14=0x00007fe1032c1770, R15=0x0000000000000800
RIP=0x0000000000000000, EFLAGS=0x0000000000010246, ERR=0x0000000000000014
  TRAPNO=0x000000000000000e

Top of Stack: (sp=0x0000700004e4d9e8)
0x0000700004e4d9e8:   0000000120f3b639 0000000000000000
0x0000700004e4d9f8:   0000000000000000 00007fe1100ce7b0
0x0000700004e4da08:   000000011ec58010 00007fe1100cc7b0
0x0000700004e4da18:   0000020000000000 0000000000000000
0x0000700004e4da28:   0000000000000800 0000000000000200
0x0000700004e4da38:   00007fe1100ca7b0 00007fe1100c6600
0x0000700004e4da48:   0000020000000000 0000000000000003
0x0000700004e4da58:   000000000000037f 908a9ef46938009c
0x0000700004e4da68:   00007fe10374e9c0 0000000000000200
0x0000700004e4da78:   00007fe1033b65b8 00007fe1032c1770
0x0000700004e4da88:   00007fe1032f7940 0000700004e4daa0
0x0000700004e4da98:   0000000120f4b2ef 0000700004e4db20
0x0000700004e4daa8:   000000012824f1a9 0000000107c78000
0x0000700004e4dab8:   00007fe10374ea38 00007fe11071dc00
0x0000700004e4dac8:   00007fe11071ddf8 00007fe10374e9c0
0x0000700004e4dad8:   00000000993d2472 0000700004e4dc58
0x0000700004e4dae8:   0000700004e4dc38 0000020000000000
0x0000700004e4daf8:   0000700004e4dc38 00007fe11071dc00
0x0000700004e4db08:   00007fe1033b6540 00007fe1032f2c60
0x0000700004e4db18:   0000000000000200 0000700004e4db70
0x0000700004e4db28:   000000012835c034 0000700004e4dc10
0x0000700004e4db38:   0000700004e4dc58 00000000032f1b00
0x0000700004e4db48:   0000000000000000 00007fe11071dc00
0x0000700004e4db58:   0000000000000000 0000000000000200
0x0000700004e4db68:   00007fe1032f2c60 0000700004e4dbe0
0x0000700004e4db78:   000000012835bd34 00007fe1032f2c60
0x0000700004e4db88:   00007fe1033b6540 0000700004e4dc38
0x0000700004e4db98:   00007fe1032f2c60 00001fa059183f95
0x0000700004e4dba8:   0000700004e4dc58 00009fe000000000
0x0000700004e4dbb8:   00007fe11071dc00 00007fe1032f2c60
0x0000700004e4dbc8:   00007fe103235700 0000000000000200
0x0000700004e4dbd8:   0000000000000200 0000700004e4dcd0 

Instructions: (pc=0x0000000000000000)
0xffffffffffffffe0:   

Register to memory mapping:

RAX=