#
# A fatal error has been detected by the Java Runtime Environment:
#
#  SIGSEGV (0xb) at pc=0x0000000000000000, pid=3944, tid=60463
#
# JRE version: Java(TM) SE Runtime Environment (8.0_25-b17) (build 1.8.0_25-b17)
# Java VM: Java HotSpot(TM) 64-Bit Server VM (25.25-b02 mixed mode bsd-amd64 compressed oops)
# Problematic frame:
# C  0x0000000000000000
#
# Failed to write core dump. Core dumps have been disabled. To enable core dumping, try "ulimit -c unlimited" before starting Java again
#
# If you would like to submit a bug report, please visit:
#   http://bugreport.sun.com/bugreport/crash.jsp
#

---------------  T H R E A D  ---------------

Current thread is native thread

siginfo: si_signo: 11 (SIGSEGV), si_code: 1 (SEGV_MAPERR), si_addr: 0x0000000000000000

Registers:
RAX=0x0000000121c99508, RBX=0x00000000000161b0, RCX=0x0000000000000010, RDX=0xfffffffffffffff0
RSP=0x000070000ea5f9e8, RBP=0x000070000ea5fa90, RSI=0x0000000000000000, RDI=0x00007f8728d1f400
R8 =0x0000000000000200, R9 =0x00007f8722089d50, R10=0x00007f8728924628, R11=0x000000000001e590
R12=0x0000000000000200, R13=0x00007f8728d1f400, R14=0x00007f872206b7c0, R15=0x0000000000000800
RIP=0x0000000000000000, EFLAGS=0x0000000000010246, ERR=0x0000000000000014
  TRAPNO=0x000000000000000e

Top of Stack: (sp=0x000070000ea5f9e8)
0x000070000ea5f9e8:   0000000121c6b639 0000000000000000
0x000070000ea5f9f8:   0000000000000000 00007f8728d275b0
0x000070000ea5fa08:   0000000120bbc010 00007f8728d255b0
0x000070000ea5fa18:   0000020000000000 0000000000000000
0x000070000ea5fa28:   0000000000000800 0000000000000200
0x000070000ea5fa38:   00007f8728d235b0 00007f8728d1f400
0x000070000ea5fa48:   0000020000000000 0000000000000003
0x000070000ea5fa58:   000000000000037f 38285c2986340092
0x000070000ea5fa68:   00007f871d9b0a70 0000000000000200
0x000070000ea5fa78:   00007f871d9b0d78 00007f872206b7c0
0x000070000ea5fa88:   00007f8722089d50 000070000ea5faa0
0x000070000ea5fa98:   0000000121c7b2ef 000070000ea5fb20
0x000070000ea5faa8:   00000001293ee1f9 0000000109e6c000
0x000070000ea5fab8:   00007f871d9b0ae8 00007f8728924400
0x000070000ea5fac8:   00007f87289245f8 00007f871d9b0a70
0x000070000ea5fad8:   00000000ba616472 000070000ea5fc58
0x000070000ea5fae8:   000070000ea5fc38 0000020000000000
0x000070000ea5faf8:   000070000ea5fc38 00007f8728924400
0x000070000ea5fb08:   00007f871d9b0d00 00007f871dbcadc0
0x000070000ea5fb18:   0000000000000200 000070000ea5fb70
0x000070000ea5fb28:   00000001294fb084 000070000ea5fc10
0x000070000ea5fb38:   000070000ea5fc58 000000001dbd2730
0x000070000ea5fb48:   0000000000000000 00007f8728924400
0x000070000ea5fb58:   0000000000000000 0000000000000200
0x000070000ea5fb68:   00007f871dbcadc0 000070000ea5fbe0
0x000070000ea5fb78:   00000001294fad84 00007f871dbcadc0
0x000070000ea5fb88:   00007f871d9b0d00 000070000ea5fc38
0x000070000ea5fb98:   00007f871dbcadc0 00001fa010f6f536
0x000070000ea5fba8:   000070000ea5fc58 00009fe000000000
0x000070000ea5fbb8:   00007f8728924400 00007f871dbcadc0
0x000070000ea5fbc8:   00007f871dbcb140 0000000000000200
0x000070000ea5fbd8:   0000000000000200 000070000ea5fcd0 

Instructions: (pc=0x0000000000000000)
0xffffffffffffffe0:   

Register to memory mapping:

RAX=