#
# A fatal error has been detected by the Java Runtime Environment:
#
#  SIGSEGV (0xb) at pc=0x0000000000000000, pid=1430, tid=57107
#
# JRE version: Java(TM) SE Runtime Environment (8.0_25-b17) (build 1.8.0_25-b17)
# Java VM: Java HotSpot(TM) 64-Bit Server VM (25.25-b02 mixed mode bsd-amd64 compressed oops)
# Problematic frame:
# C  0x0000000000000000
#
# Failed to write core dump. Core dumps have been disabled. To enable core dumping, try "ulimit -c unlimited" before starting Java again
#
# If you would like to submit a bug report, please visit:
#   http://bugreport.sun.com/bugreport/crash.jsp
#

---------------  T H R E A D  ---------------

Current thread is native thread

siginfo: si_signo: 11 (SIGSEGV), si_code: 1 (SEGV_MAPERR), si_addr: 0x0000000000000000

Registers:
RAX=0x000000011e239508, RBX=0x00000000000161b0, RCX=0x0000000000000010, RDX=0xfffffffffffffff0
RSP=0x000070000e9249e8, RBP=0x000070000e924a90, RSI=0x0000000000000000, RDI=0x00007f861175fa00
R8 =0x0000000000000200, R9 =0x00007f862750d2e0, R10=0x00007f86113c4e28, R11=0xfffffffffffc0a40
R12=0x0000000000000200, R13=0x00007f861175fa00, R14=0x00007f862754c8a0, R15=0x0000000000000800
RIP=0x0000000000000000, EFLAGS=0x0000000000010246, ERR=0x0000000000000014
  TRAPNO=0x000000000000000e

Top of Stack: (sp=0x000070000e9249e8)
0x000070000e9249e8:   000000011e20b639 0000000000000000
0x000070000e9249f8:   0000000000000000 00007f8611767bb0
0x000070000e924a08:   000000010bbb3010 00007f8611765bb0
0x000070000e924a18:   0000020000000000 0000000000000000
0x000070000e924a28:   0000000000000800 0000000000000200
0x000070000e924a38:   00007f8611763bb0 00007f861175fa00
0x000070000e924a48:   0000020000000000 0000000000000003
0x000070000e924a58:   000000000000037f 0e8e845fb07d0037
0x000070000e924a68:   00007f8623a328e0 0000000000000200
0x000070000e924a78:   00007f862052e888 00007f862754c8a0
0x000070000e924a88:   00007f862750d2e0 000070000e924aa0
0x000070000e924a98:   000000011e21b2ef 000070000e924b20
0x000070000e924aa8:   000000012444a1a9 0000000103fbe000
0x000070000e924ab8:   00007f8623a32958 00007f86113c4c00
0x000070000e924ac8:   00007f86113c4df8 00007f8623a328e0
0x000070000e924ad8:   00000000e4866472 000070000e924c58
0x000070000e924ae8:   000070000e924c38 0000020000000000
0x000070000e924af8:   000070000e924c38 00007f86113c4c00
0x000070000e924b08:   00007f862052e810 00007f8623af04f0
0x000070000e924b18:   0000000000000200 000070000e924b70
0x000070000e924b28:   0000000124557034 000070000e924c10
0x000070000e924b38:   000070000e924c58 000000002763c560
0x000070000e924b48:   0000000000000000 00007f86113c4c00
0x000070000e924b58:   0000000000000000 0000000000000200
0x000070000e924b68:   00007f8623af04f0 000070000e924be0
0x000070000e924b78:   0000000124556d34 00007f8623af04f0
0x000070000e924b88:   00007f862052e810 000070000e924c38
0x000070000e924b98:   00007f8623af04f0 00001fa0bcd52854
0x000070000e924ba8:   000070000e924c58 00009fe000000000
0x000070000e924bb8:   00007f86113c4c00 00007f8623af04f0
0x000070000e924bc8:   00007f862763c5f0 0000000000000200
0x000070000e924bd8:   0000000000000200 000070000e924cd0 

Instructions: (pc=0x0000000000000000)
0xffffffffffffffe0:   

Register to memory mapping:

RAX=