#
# A fatal error has been detected by the Java Runtime Environment:
#
#  SIGSEGV (0xb) at pc=0x0000000000000000, pid=3201, tid=76611
#
# JRE version: Java(TM) SE Runtime Environment (8.0_25-b17) (build 1.8.0_25-b17)
# Java VM: Java HotSpot(TM) 64-Bit Server VM (25.25-b02 mixed mode bsd-amd64 compressed oops)
# Problematic frame:
# C  0x0000000000000000
#
# Failed to write core dump. Core dumps have been disabled. To enable core dumping, try "ulimit -c unlimited" before starting Java again
#
# If you would like to submit a bug report, please visit:
#   http://bugreport.sun.com/bugreport/crash.jsp
#

---------------  T H R E A D  ---------------

Current thread is native thread

siginfo: si_signo: 11 (SIGSEGV), si_code: 1 (SEGV_MAPERR), si_addr: 0x0000000000000000

Registers:
RAX=0x000000012955a508, RBX=0x00000000000161b0, RCX=0x0000000000000010, RDX=0xfffffffffffffff0
RSP=0x00007000109999e8, RBP=0x0000700010999a90, RSI=0x0000000000000000, RDI=0x00007f8b67e71a00
R8 =0x0000000000000200, R9 =0x00007f8b5a63d0e0, R10=0x00007f8b67a4b428, R11=0xfffffffff95c81e0
R12=0x0000000000000200, R13=0x00007f8b67e71a00, R14=0x00007f8b61074f00, R15=0x0000000000000800
RIP=0x0000000000000000, EFLAGS=0x0000000000010246, ERR=0x0000000000000014
  TRAPNO=0x000000000000000e

Top of Stack: (sp=0x00007000109999e8)
0x00007000109999e8:   000000012952c639 0000000000000000
0x00007000109999f8:   0000000000000000 00007f8b67e79bb0
0x0000700010999a08:   0000000115c2a010 00007f8b67e77bb0
0x0000700010999a18:   0000020000000000 0000000000000000
0x0000700010999a28:   0000000000000800 0000000000000200
0x0000700010999a38:   00007f8b67e75bb0 00007f8b67e71a00
0x0000700010999a48:   0000020000000000 0000000000000003
0x0000700010999a58:   000000000000037f e21096e27d1b0096
0x0000700010999a68:   00007f8b5eb86740 0000000000000200
0x0000700010999a78:   00007f8b5eb58628 00007f8b61074f00
0x0000700010999a88:   00007f8b5a63d0e0 0000700010999aa0
0x0000700010999a98:   000000012953c2ef 0000700010999b20
0x0000700010999aa8:   000000012c2301a9 000000010d1fb000
0x0000700010999ab8:   00007f8b5eb867b8 00007f8b67a4b200
0x0000700010999ac8:   00007f8b67a4b3f8 00007f8b5eb86740
0x0000700010999ad8:   00000000993d2472 0000700010999c58
0x0000700010999ae8:   0000700010999c38 0000020000000000
0x0000700010999af8:   0000700010999c38 00007f8b67a4b200
0x0000700010999b08:   00007f8b5eb585b0 00007f8b4a65acc0
0x0000700010999b18:   0000000000000200 0000700010999b70
0x0000700010999b28:   000000012c33d034 0000700010999bb0
0x0000700010999b38:   0000700010999c58 0000000010999b80
0x0000700010999b48:   0000000000000000 00007f8b67a4b200
0x0000700010999b58:   0000000000000000 0000000000000200
0x0000700010999b68:   00007f8b4a65acc0 0000700010999be0
0x0000700010999b78:   000000012c33cd34 00007f8b4a65acc0
0x0000700010999b88:   00007f8b5eb585b0 0000700010999c38
0x0000700010999b98:   00007f8b4a65acc0 00001fa0c3ab30ab
0x0000700010999ba8:   0000700010999c58 00009fe03c000000
0x0000700010999bb8:   00007f8b67a4b200 00007f8b4a65acc0
0x0000700010999bc8:   00007f8b4a65f2b0 0000000000000200
0x0000700010999bd8:   0000000000000200 0000700010999cd0 

Instructions: (pc=0x0000000000000000)
0xffffffffffffffe0:   

Register to memory mapping:

RAX=