#
# A fatal error has been detected by the Java Runtime Environment:
#
#  SIGSEGV (0xb) at pc=0x0000000000000000, pid=97235, tid=37675
#
# JRE version: Java(TM) SE Runtime Environment (8.0_25-b17) (build 1.8.0_25-b17)
# Java VM: Java HotSpot(TM) 64-Bit Server VM (25.25-b02 mixed mode bsd-amd64 compressed oops)
# Problematic frame:
# C  0x0000000000000000
#
# Failed to write core dump. Core dumps have been disabled. To enable core dumping, try "ulimit -c unlimited" before starting Java again
#
# If you would like to submit a bug report, please visit:
#   http://bugreport.sun.com/bugreport/crash.jsp
#

---------------  T H R E A D  ---------------

Current thread is native thread

siginfo: si_signo: 11 (SIGSEGV), si_code: 1 (SEGV_MAPERR), si_addr: 0x0000000000000000

Registers:
RAX=0x000000011a7dc508, RBX=0x00000000000161b0, RCX=0x0000000000000010, RDX=0xfffffffffffffff0
RSP=0x000070000704b9e8, RBP=0x000070000704ba90, RSI=0x0000000000000000, RDI=0x00007fc20f5c2200
R8 =0x0000000000000200, R9 =0x00007fc2208d3160, R10=0x00007fc20f14c828, R11=0x0000000002ad2cc0
R12=0x0000000000000200, R13=0x00007fc20f5c2200, R14=0x00007fc21de004a0, R15=0x0000000000000800
RIP=0x0000000000000000, EFLAGS=0x0000000000010246, ERR=0x0000000000000014
  TRAPNO=0x000000000000000e

Top of Stack: (sp=0x000070000704b9e8)
0x000070000704b9e8:   000000011a7ae639 0000000000000000
0x000070000704b9f8:   0000000000000000 00007fc20f5ca3b0
0x000070000704ba08:   0000000108fcc010 00007fc20f5c83b0
0x000070000704ba18:   0000020000000000 0000000000000000
0x000070000704ba28:   0000000000000800 0000000000000200
0x000070000704ba38:   00007fc20f5c63b0 00007fc20f5c2200
0x000070000704ba48:   0000020000000000 0000000000000003
0x000070000704ba58:   000000000000037f f4d0cc596cd30093
0x000070000704ba68:   00007fc224002e70 0000000000000200
0x000070000704ba78:   00007fc224003178 00007fc21de004a0
0x000070000704ba88:   00007fc2208d3160 000070000704baa0
0x000070000704ba98:   000000011a7be2ef 000070000704bb20
0x000070000704baa8:   000000011f4421a9 00000001012cc000
0x000070000704bab8:   00007fc224002ee8 00007fc20f14c600
0x000070000704bac8:   00007fc20f14c7f8 00007fc224002e70
0x000070000704bad8:   00000000cbd7e472 000070000704bc58
0x000070000704bae8:   000070000704bc38 0000020000000000
0x000070000704baf8:   000070000704bc38 00007fc20f14c600
0x000070000704bb08:   00007fc224003100 00007fc21dd291c0
0x000070000704bb18:   0000000000000200 000070000704bb70
0x000070000704bb28:   000000011f54f034 000070000704bbb0
0x000070000704bb38:   000070000704bc58 000000000704bb80
0x000070000704bb48:   0000000000000000 00007fc20f14c600
0x000070000704bb58:   0000000000000000 0000000000000200
0x000070000704bb68:   00007fc21dd291c0 000070000704bbe0
0x000070000704bb78:   000000011f54ed34 00007fc21dd291c0
0x000070000704bb88:   00007fc224003100 000070000704bc38
0x000070000704bb98:   00007fc21dd291c0 00001fa0c7ccc0d2
0x000070000704bba8:   000070000704bc58 00009fe0a2000000
0x000070000704bbb8:   00007fc20f14c600 00007fc21dd291c0
0x000070000704bbc8:   00007fc2244976f0 0000000000000200
0x000070000704bbd8:   0000000000000200 000070000704bcd0 

Instructions: (pc=0x0000000000000000)
0xffffffffffffffe0:   

Register to memory mapping:

RAX=