#
# A fatal error has been detected by the Java Runtime Environment:
#
#  SIGSEGV (0xb) at pc=0x0000000000000000, pid=3584, tid=27415
#
# JRE version: Java(TM) SE Runtime Environment (8.0_25-b17) (build 1.8.0_25-b17)
# Java VM: Java HotSpot(TM) 64-Bit Server VM (25.25-b02 mixed mode bsd-amd64 compressed oops)
# Problematic frame:
# C  0x0000000000000000
#
# Failed to write core dump. Core dumps have been disabled. To enable core dumping, try "ulimit -c unlimited" before starting Java again
#
# If you would like to submit a bug report, please visit:
#   http://bugreport.sun.com/bugreport/crash.jsp
#

---------------  T H R E A D  ---------------

Current thread is native thread

siginfo: si_signo: 11 (SIGSEGV), si_code: 1 (SEGV_MAPERR), si_addr: 0x0000000000000000

Registers:
RAX=0x0000000120557508, RBX=0x00000000000161b0, RCX=0x0000000000000010, RDX=0xfffffffffffffff0
RSP=0x00007000058349e8, RBP=0x0000700005834a90, RSI=0x0000000000000000, RDI=0x00007fd31e55a600
R8 =0x0000000000000200, R9 =0x00007fd32fab0510, R10=0x00007fd31e2f2e28, R11=0xfffffffffffd2980
R12=0x0000000000000200, R13=0x00007fd31e55a600, R14=0x00007fd32faddb90, R15=0x0000000000000800
RIP=0x0000000000000000, EFLAGS=0x0000000000010246, ERR=0x0000000000000014
  TRAPNO=0x000000000000000e

Top of Stack: (sp=0x00007000058349e8)
0x00007000058349e8:   0000000120529639 0000000000000000
0x00007000058349f8:   0000000000000000 00007fd31e5627b0
0x0000700005834a08:   000000011f627010 00007fd31e5607b0
0x0000700005834a18:   0000020000000000 0000000000000000
0x0000700005834a28:   0000000000000800 0000000000000200
0x0000700005834a38:   00007fd31e55e7b0 00007fd31e55a600
0x0000700005834a48:   0000020000000000 0000000000000003
0x0000700005834a58:   000000000000037f 9c2e5115091000a2
0x0000700005834a68:   00007fd334272e80 0000000000000200
0x0000700005834a78:   00007fd32f88d3b8 00007fd32faddb90
0x0000700005834a88:   00007fd32fab0510 0000700005834aa0
0x0000700005834a98:   00000001205392ef 0000700005834b20
0x0000700005834aa8:   0000000127b6b1f9 0000000108a6e000
0x0000700005834ab8:   00007fd334272ef8 00007fd31e2f2c00
0x0000700005834ac8:   00007fd31e2f2df8 00007fd334272e80
0x0000700005834ad8:   00000000e0b4d472 0000700005834c58
0x0000700005834ae8:   0000700005834c38 0000020000000000
0x0000700005834af8:   0000700005834c38 00007fd31e2f2c00
0x0000700005834b08:   00007fd32f88d340 00007fd33419fee0
0x0000700005834b18:   0000000000000200 0000700005834b70
0x0000700005834b28:   0000000127c78084 0000700005834c10
0x0000700005834b38:   0000700005834c58 000000002fab0460
0x0000700005834b48:   0000000000000000 00007fd31e2f2c00
0x0000700005834b58:   0000000000000000 0000000000000200
0x0000700005834b68:   00007fd33419fee0 0000700005834be0
0x0000700005834b78:   0000000127c77d84 00007fd33419fee0
0x0000700005834b88:   00007fd32f88d340 0000700005834c38
0x0000700005834b98:   00007fd33419fee0 00001fa076ef3c8d
0x0000700005834ba8:   0000700005834c58 00009fe000000000
0x0000700005834bb8:   00007fd31e2f2c00 00007fd33419fee0
0x0000700005834bc8:   00007fd3341af2c0 0000000000000200
0x0000700005834bd8:   0000000000000200 0000700005834cd0 

Instructions: (pc=0x0000000000000000)
0xffffffffffffffe0:   

Register to memory mapping:

RAX=0x0000000120557508: PlaybackBackend+0x20 in /Users/johanjulien/.gradle/caches/minecraft/net/minecraft/natives/1.10.2/openal.dylib at 0x000000012050e000
RBX=0x00000000000161b0 is an unknown value
RCX=0x0000000000000010 is an unknown value
RDX=0xfffffffffffffff0 is an unknown value
RSP=0x00007000058349e8 is an unknown value
RBP=0x0000700005834a90 is an unknown value
RSI=0x0000000000000000 is an unknown value
RDI=0x00007fd31e55a600 is an unknown value
R8 =0x0000000000000200 is an unknown value
R9 =0x00007fd32fab0510 is an unknown value
R10=0x00007fd31e2f2e28 is an unknown value
R11=0xfffffffffffd2980 is an unknown value
R12=0x0000000000000200 is an unknown value
R13=0x00007fd31e55a600 is an unknown value
R14=0x00007fd32faddb90 is an unknown value
R15=0x0000000000000800 is an unknown value


Stack: [0x00007000057b5000,0x0000700005835000],  sp=0x00007000058349e8,  free space=510k

---------------  P R O C E S S  ---------------

VM state:at safepoint (shutting down)

VM Mutex/Monitor currently owned by a thread:  ([mutex/lock_event])
[0x00007fd32d410b30] Threads_lock - owner thread: 0x00007fd32d825000

Heap:
 PSYoungGen      total 152064K, used 94913K [0x00000007aab00000, 0x00000007b9280000, 0x00000007c0000000)
  eden space 149504K, 62% used [0x00000007aab00000,0x00000007b05a3828,0x00000007b3d00000)
  from space 2560K, 81% used [0x00000007b3d00000,0x00000007b3f0cc10,0x00000007b3f80000)
  to   space 43008K, 0% used [0x00000007b6880000,0x00000007b6880000,0x00000007b9280000)
 ParOldGen       total 482816K, used 341350K [0x0000000780000000, 0x000000079d780000, 0x00000007aab00000)
  object space 482816K, 70% used [0x0000000780000000,0x0000000794d59a88,0x000000079d780000)
 Metaspace       used 68278K, capacity 68587K, committed 69120K, reserved 1110016K
  class space    used 9290K, capacity 9366K, committed 9472K, reserved 1048576K

Card table byte_map: [0x000000010a6dc000,0x000000010a8dd000] byte_map_base: 0x0000000106adc000

Marking Bits: (ParMarkBitMap*) 0x0000000109c9d390
 Begin Bits: [0x000000011a155000, 0x000000011b155000)
 End Bits:   [0x000000011b155000, 0x000000011c155000)

Polling page: 0x0000000108b11000

CodeCache: size=245760Kb used=34788Kb max_used=36834Kb free=210971Kb
