#
# A fatal error has been detected by the Java Runtime Environment:
#
#  SIGSEGV (0xb) at pc=0x0000000000000000, pid=679, tid=67855
#
# JRE version: Java(TM) SE Runtime Environment (8.0_25-b17) (build 1.8.0_25-b17)
# Java VM: Java HotSpot(TM) 64-Bit Server VM (25.25-b02 mixed mode bsd-amd64 compressed oops)
# Problematic frame:
# C  0x0000000000000000
#
# Failed to write core dump. Core dumps have been disabled. To enable core dumping, try "ulimit -c unlimited" before starting Java again
#
# If you would like to submit a bug report, please visit:
#   http://bugreport.sun.com/bugreport/crash.jsp
#

---------------  T H R E A D  ---------------

Current thread is native thread

siginfo: si_signo: 11 (SIGSEGV), si_code: 1 (SEGV_MAPERR), si_addr: 0x0000000000000000

Registers:
RAX=0x000000010df16508, RBX=0x00000000000161b0, RCX=0x0000000000000010, RDX=0xfffffffffffffff0
RSP=0x0000700011b469f8, RBP=0x0000700011b46aa0, RSI=0x0000000000000000, RDI=0x00007febb73ea000
R8 =0x0000000000000200, R9 =0x00007febbd3ae0a0, R10=0x00007febb7446030, R11=0x000000000004ef90
R12=0x00007febbd3ae0a0, R13=0x00007febb73ea000, R14=0x00007febbd35f110, R15=0x0000000000000800
RIP=0x0000000000000000, EFLAGS=0x0000000000010246, ERR=0x0000000000000014
  TRAPNO=0x000000000000000e

Top of Stack: (sp=0x0000700011b469f8)
0x0000700011b469f8:   000000010dee8639 0000000000000000
0x0000700011b46a08:   0000000000000000 00007febb73f21b0
0x0000700011b46a18:   000000010c5fe010 00007febb73f01b0
0x0000700011b46a28:   0000020000000000 0000000000000000
0x0000700011b46a38:   0000000000000800 0000000000000200
0x0000700011b46a48:   00007febb73ee1b0 00007febb73ea000
0x0000700011b46a58:   0000020000000000 0000000000000000
0x0000700011b46a68:   000000010000037f 1ac5c0521b7400fb
0x0000700011b46a78:   00007febbd3adc28