#
# A fatal error has been detected by the Java Runtime Environment:
#
#  SIGSEGV (0xb) at pc=0x0000000000000000, pid=3239, tid=64775
#
# JRE version: Java(TM) SE Runtime Environment (8.0_25-b17) (build 1.8.0_25-b17)
# Java VM: Java HotSpot(TM) 64-Bit Server VM (25.25-b02 mixed mode bsd-amd64 compressed oops)
# Problematic frame:
# C  0x0000000000000000
#
# Failed to write core dump. Core dumps have been disabled. To enable core dumping, try "ulimit -c unlimited" before starting Java again
#
# If you would like to submit a bug report, please visit:
#   http://bugreport.sun.com/bugreport/crash.jsp
#

---------------  T H R E A D  ---------------

Current thread is native thread

siginfo: si_signo: 11 (SIGSEGV), si_code: 1 (SEGV_MAPERR), si_addr: 0x0000000000000000

Registers:
RAX=0x000000011d52c508, RBX=0x00000000000161b0, RCX=0x0000000000000010, RDX=0xfffffffffffffff0
RSP=0x000070000d48b9e8, RBP=0x000070000d48ba90, RSI=0x0000000000000000, RDI=0x00007f9e2ab3e600
R8 =0x0000000000000200, R9 =0x00007f9e3eb3fdb0, R10=0x00007f9e2aad4628, R11=0x0000000014728530
R12=0x0000000000000200, R13=0x00007f9e2ab3e600, R14=0x00007f9e2a417880, R15=0x0000000000000800
RIP=0x0000000000000000, EFLAGS=0x0000000000010246, ERR=0x0000000000000014
  TRAPNO=0x000000000000000e

Top of Stack: (sp=0x000070000d48b9e8)
0x000070000d48b9e8:   000000011d4fe639 0000000000000000
0x000070000d48b9f8:   0000000000000000 00007f9e2ab467b0
0x000070000d48ba08:   0000000119c0d010 00007f9e2ab447b0
0x000070000d48ba18:   0000020000000000 0000000000000000
0x000070000d48ba28:   0000000000000800 0000000000000200
0x000070000d48ba38:   00007f9e2ab427b0 00007f9e2ab3e600
0x000070000d48ba48:   0000020000000000 0000000000000003
0x000070000d48ba58:   000000000000037f edcc59b42cec00b4
0x000070000d48ba68:   00007f9e410a9f10 0000000000000200
0x000070000d48ba78:   00007f9e410aa218 00007f9e2a417880
0x000070000d48ba88:   00007f9e3eb3fdb0 000070000d48baa0
0x000070000d48ba98:   000000011d50e2ef 000070000d48bb20
0x000070000d48baa8:   0000000121cef1f9 0000000102f2c000
0x000070000d48bab8:   00007f9e410a9f88 00007f9e2aad4400
0x000070000d48bac8:   00007f9e2aad45f8 00007f9e410a9f10
0x000070000d48bad8:   00000000e0b4d472 000070000d48bc58
0x000070000d48bae8:   000070000d48bc38 0000020000000000
0x000070000d48baf8:   000070000d48bc38 00007f9e2aad4400
0x000070000d48bb08:   00007f9e410aa1a0 00007f9e410aa2e0
0x000070000d48bb18:   0000000000000200 000070000d48bb70
0x000070000d48bb28:   0000000121dfc084 000070000d48bc10
0x000070000d48bb38:   000070000d48bc58 00000000410aa2a0
0x000070000d48bb48:   0000000000000000 00007f9e2aad4400
0x000070000d48bb58:   0000000000000000 0000000000000200
0x000070000d48bb68:   00007f9e410aa2e0 000070000d48bbe0
0x000070000d48bb78:   0000000121dfbd84 00007f9e410aa2e0
0x000070000d48bb88:   00007f9e410aa1a0 000070000d48bc38
0x000070000d48bb98:   00007f9e410aa2e0 00001fa0a5886741
0x000070000d48bba8:   000070000d48bc58 00009fe000000000
0x000070000d48bbb8:   00007f9e2aad4400 00007f9e410aa2e0
0x000070000d48bbc8:   00007f9e410c4010 0000000000000200
0x000070000d48bbd8:   0000000000000200 000070000d48bcd0 

Instructions: (pc=0x0000000000000000)
0xffffffffffffffe0:   

Register to memory mapping:

RAX=0x000000011d52c508: PlaybackBackend+0x20 in /Users/johanjulien/.gradle/caches/minecraft/net/minecraft/natives/1.10.2/openal.dylib at 0x000000011d4e3000
RBX=0x00000000000161b0 is an unknown value
RCX=0x0000000000000010 is an unknown value
RDX=0xfffffffffffffff0 is an unknown value
RSP=0x000070000d48b9e8 is an unknown value
RBP=0x000070000d48ba90 is an unknown value
RSI=0x0000000000000000 is an unknown value
RDI=0x00007f9e2ab3e600 is an unknown value
R8 =0x0000000000000200 is an unknown value
R9 =0x00007f9e3eb3fdb0 is an unknown value
R10=0x00007f9e2aad4628 is an unknown value
R11=0x0000000014728530 is an unknown value
R12=0x0000000000000200 is an unknown value
R13=0x00007f9e2ab3e600 is an unknown value
R14=0x00007f9e2a417880 is an unknown value
R15=0x0000000000000800 is an unknown value


Stack: [0x000070000d40c000,0x000070000d48c000],  sp=0x000070000d48b9e8,  free space=510k

---------------  P R O C E S S  ---------------

VM state:at safepoint (shutting down)

VM Mutex/Monitor currently owned by a thread:  ([mutex/lock_event])
[0x00007f9e3a601750] Threads_lock - owner thread: 0x00007f9e3a805800

Heap:
 PSYoungGen      total 247296K, used 180029K [0x00000007aab00000, 0x00000007bf700000, 0x00000007c0000000)
  eden space 162816K, 89% used [0x00000007aab00000,0x00000007b38e1808,0x00000007b4a00000)
  from space 84480K, 41% used [0x00000007b4a00000,0x00000007b6bedef0,0x00000007b9c80000)
  to   space 83456K, 0% used [0x00000007ba580000,0x00000007ba580000,0x00000007bf700000)
 ParOldGen       total 365568K, used 243526K [0x0000000780000000, 0x0000000796500000, 0x00000007aab00000)
  object space 365568K, 66% used [0x0000000780000000,0x000000078edd1b80,0x0000000796500000)
 Metaspace       used 62291K, capacity 62637K, committed 63232K, reserved 1103872K
  class space    used 8780K, capacity 8881K, committed 8960K, reserved 1048576K

Card table byte_map: [0x0000000104b16000,0x0000000104d17000] byte_map_base: 0x0000000100f16000

Marking Bits: (ParMarkBitMap*) 0x000000010409d390
 Begin Bits: [0x0000000104e6d000, 0x0000000105e6d000)
 End Bits:   [0x0000000105e6d000, 0x0000000106e6d000)

Polling page: 0x0000000102fcf000

CodeCache: size=245760Kb used=20452Kb max_used=21426Kb free=225307Kb
 bounds [0x0000000108edd000, 0x000000010a41d000, 0x0000000117edd000]
 total_blobs=6653 nmethods=5781 adapters=786
 compilation: enabled

Compilation events (10 events):
Event: 1360.211 Thread 0x00007f9e3a81e000 8425       3       sun.awt.AppContext$PostShutdownEventRunnable::<init> (10 bytes)
Event: 1360.213 Thread 0x00007f9e3a81e000 nmethod 8425 0x000000010929a610 code [0x000000010929a780, 0x000000010929a950]
Event: 1392.551 Thread 0x00007f9e3a81e000 8426  s    3       java.util.Hashtable::containsKey (65 bytes)
Event: 1392.560 Thread 0x00007f9e3a81e000 nmethod 8426 0x000000010917acd0 code [0x000000010917ae80, 0x000000010917b4b8]
Event: 1392.576 Thread 0x00007f9e3a81e000 8427       3       java.util.logging.LogManager$LoggerContext::ensureDefaultLogger (70 bytes)
Event: 1392.584 Thread 0x00007f9e3a81e000 nmethod 8427 0x000000010a330250 code [0x000000010a330420, 0x000000010a330cc8]
Event: 1392.599 Thread 0x00007f9e3a81e000 8429       3       java.lang.Class::forName (15 bytes)
Event: 1392.605 Thread 0x00007f9e3a81e000 nmethod 8429 0x0000000109549190 code [0x0000000109549320, 0x0000000109549628]
Event: 1392.629 Thread 0x00007f9e3a81e000 8430       1       org.apache.logging.log4j.core.config.LoggerConfig::getLevel (5 bytes)
Event: 1392.629 Thread 0x00007f9e3a81e000 nmethod 8430 0x000000010a14bc10 code [0x000000010a14bd60, 0x000000010a14be70]

GC Heap History (10 events):
Event: 107.088 GC heap before
{Heap before GC invocations=58 (full 9):
 PSYoungGen      total 238592K, used 140288K [0x00000007aab00000, 0x00000007bf800000, 0x00000007c0000000)
  eden space 140288K, 100% used [0x00000007aab00000,0x00000007b3400000,0x00000007b3400000)
  from space 98304K, 0% used [0x00000007b9800000,0x00000007b9800000,0x00000007bf800000)
  to   space 100352K, 0% used [0x00000007b3400000,0x00000007b3400000,0x00000007b9600000)
 ParOldGen       total 365568K, used 243115K [0x0000000780000000, 0x0000000796500000, 0x00000007aab00000)
  object space 365568K, 66% used [0x0000000780000000,0x000000078ed6ac48,0x0000000796500000)
 Metaspace       used 59617K, capacity 59975K, committed 60416K, reserved 1101824K
  class space    used 8499K, capacity 8592K, committed 8704K, reserved 1048576K
Event: 107.092 GC heap after
Heap after GC invocations=58 (full 9):
 PSYoungGen      total 240640K, used 544K [0x00000007aab00000, 0x00000007bfd00000, 0x00000007c0000000)
  eden space 140288K, 0% used [0x00000007aab00000,0x00000007aab00000,0x00000007b3400000)
  from space 100352K, 0% used [0x00000007b3400000,0x00000007b3488000,0x00000007b9600000)
  to   space 97792K, 0% used [0x00000007b9d80000,0x00000007b9d80000,0x00000007bfd00000)
 ParOldGen       total 365568K, used 243123K [0x0000000780000000, 0x0000000796500000, 0x00000007aab00000)
  object space 365568K, 66% used [0x0000000780000000,0x000000078ed6cc48,0x0000000796500000)
 Metaspace       used 59617K, capacity 59975K, committed 60416K, reserved 1101824K
  class space    used 8499K, capacity 8592K, committed 8704K, reserved 1048576K
}
Event: 107.447 GC heap before
{Heap before GC invocations=59 (full 9):
 PSYoungGen      total 240640K, used 140832K [0x00000007aab00000, 0x00000007bfd00000, 0x00000007c0000000)
  eden space 140288K, 100% used [0x00000007aab00000,0x00000007b3400000,0x00000007b3400000)
  from space 100352K, 0% used [0x00000007b3400000,0x00000007b3488000,0x00000007b9600000)
  to   space 97792K, 0% used [0x00000007b9d80000,0x00000007b9d80000,0x00000007bfd00000)
 ParOldGen       total 365568K, used 243123K [0x0000000780000000, 0x0000000796500000, 0x00000007aab00000)
  object space 365568K, 66% used [0x0000000780000000,0x000000078ed6cc48,0x0000000796500000)
 Metaspace       used 59621K, capacity 59975K, committed 60416K, reserved 1101824K
  class space    used 8499K, capacity 8592K, committed 8704K, reserved 1048576K
Event: 107.449 GC heap after
Heap after GC invocations=59 (full 9):
 PSYoungGen      total 243200K, used 196K [0x00000007aab00000, 0x00000007bf780000, 0x00000007c0000000)
  eden space 151040K, 0% used [0x00000007aab00000,0x00000007aab00000,0x00000007b3e80000)
  from space 92160K, 0% used [0x00000007b9d80000,0x00000007b9db1010,0x00000007bf780000)
  to   space 94720K, 0% used [0x00000007b3e80000,0x00000007b3e80000,0x00000007b9b00000)
 ParOldGen       total 365568K, used 243502K [0x0000000780000000, 0x0000000796500000, 0x00000007aab00000)
  object space 365568K, 66% used [0x0000000780000000,0x000000078edcbb80,0x0000000796500000)
 Metaspace       used 59621K, capacity 59975K, committed 60416K, reserved 1101824K
  class space    used 8499K, capacity 8592K, committed 8704K, reserved 1048576K
}
Event: 108.127 GC heap before
{Heap before GC invocations=60 (full 9):
 PSYoungGen      total 243200K, used 151236K [0x00000007aab00000, 0x00000007bf780000, 0x00000007c0000000)
  eden space 151040K, 100% used [0x00000007aab00000,0x00000007b3e80000,0x00000007b3e80000)
  from space 92160K, 0% used [0x00000007b9d80000,0x00000007b9db1010,0x00000007bf780000)
  to   space 94720K, 0% used [0x00000007b3e80000,0x00000007b3e80000,0x00000007b9b00000)
 ParOldGen       total 365568K, used 243502K [0x0000000780000000, 0x0000000796500000, 0x00000007aab00000)
  object space 365568K, 66% used [0x0000000780000000,0x000000078edcbb80,0x0000000796500000)
 Metaspace       used 60356K, capacity 60647K, committed 61184K, reserved 1101824K
  class space    used 8573K, capacity 8688K, committed 8704K, reserved 1048576K
Event: 108.136 GC heap after
Heap after GC invocations=60 (full 9):
 PSYoungGen      total 245760K, used 5804K [0x00000007aab00000, 0x00000007bfa80000, 0x00000007c0000000)
  eden space 151040K, 0% used [0x00000007aab00000,0x00000007aab00000,0x00000007b3e80000)
  from space 94720K, 6% used [0x00000007b3e80000,0x00000007b442b268,0x00000007b9b00000)
  to   space 90624K, 0% used [0x00000007ba200000,0x00000007ba200000,0x00000007bfa80000)
 ParOldGen       total 365568K, used 243510K [0x0000000780000000, 0x0000000796500000, 0x00000007aab00000)
  object space 365568K, 66% used [0x0000000780000000,0x000000078edcdb80,0x0000000796500000)
 Metaspace       used 60356K, capacity 60647K, committed 61184K, reserved 1101824K
  class space    used 8573K, capacity 8688K, committed 8704K, reserved 1048576K
}
Event: 109.397 GC heap before
{Heap before GC invocations=61 (full 9):
 PSYoungGen      total 245760K, used 156844K [0x00000007aab00000, 0x00000007bfa80000, 0x00000007c0000000)
  eden space 151040K, 100% used [0x00000007aab00000,0x00000007b3e80000,0x00000007b3e80000)
  from space 94720K, 6% used [0x00000007b3e80000,0x00000007b442b268,0x00000007b9b00000)
  to   space 90624K, 0% used [0x00000007ba200000,0x00000007ba200000,0x00000007bfa80000)
 ParOldGen       total 365568K, used 243510K [0x0000000780000000, 0x0000000796500000, 0x00000007aab00000)
  object space 365568K, 66% used [0x0000000780000000,0x000000078edcdb80,0x0000000796500000)
 Metaspace       used 61580K, capacity 61997K, committed 62336K, reserved 1103872K
  class space    used 8710K, capacity 8817K, committed 8832K, reserved 1048576K
Event: 109.437 GC heap after
Heap after GC invocations=61 (full 9):
 PSYoungGen      total 241664K, used 24076K [0x00000007aab00000, 0x00000007bef00000, 0x00000007c0000000)
  eden space 162816K, 0% used [0x00000007aab00000,0x00000007aab00000,0x00000007b4a00000)
  from space 78848K, 30% used [0x00000007ba200000,0x00000007bb983378,0x00000007bef00000)
  to   space 84480K, 0% used [0x00000007b4a00000,0x00000007b4a00000,0x00000007b9c80000)
 ParOldGen       total 365568K, used 243518K [0x0000000780000000, 0x0000000796500000, 0x00000007aab00000)
  object space 365568K, 66% used [0x0000000780000000,0x000000078edcfb80,0x0000000796500000)
 Metaspace       used 61580K, capacity 61997K, committed 62336K, reserved 1103872K
  class space    used 8710K, capacity 8817K, committed 8832K, reserved 1048576K
}
Event: 522.310 GC heap before
{Heap before GC invocations=62 (full 9):
 PSYoungGen      total 241664K, used 186892K [0x00000007aab00000, 0x00000007bef00000, 0x00000007c0000000)
  eden space 162816K, 100% used [0x00000007aab00000,0x00000007b4a00000,0x00000007b4a00000)
  from space 78848K, 30% used [0x00000007ba200000,0x00000007bb983378,0x00000007bef00000)
  to   space 84480K, 0% used [0x00000007b4a00000,0x00000007b4a00000,0x00000007b9c80000)
 ParOldGen       total 365568K, used 243518K [0x0000000780000000, 0x0000000796500000, 0x00000007aab00000)
  object space 365568K, 66% used [0x0000000780000000,0x000000078edcfb80,0x0000000796500000)
 Metaspace       used 62257K, capacity 62573K, committed 62976K, reserved 1103872K
  class space    used 8779K, capacity 8881K, committed 8960K, reserved 1048576K
Event: 522.805 GC heap after
Heap after GC invocations=62 (full 9):
 PSYoungGen      total 247296K, used 34743K [0x00000007aab00000, 0x00000007bf700000, 0x00000007c0000000)
  eden space 162816K, 0% used [0x00000007aab00000,0x00000007aab00000,0x00000007b4a00000)
  from space 84480K, 41% used [0x00000007b4a00000,0x00000007b6bedef0,0x00000007b9c80000)
  to   space 83456K, 0% used [0x00000007ba580000,0x00000007ba580000,0x00000007bf700000)
 ParOldGen       total 365568K, used 243526K [0x0000000780000000, 0x0000000796500000, 0x00000007aab00000)
  object space 365568K, 66% used [0x0000000780000000,0x000000078edd1b80,0x0000000796500000)
 Metaspace       used 62257K, capacity 62573K, committed 62976K, reserved 1103872K
  class space    used 8779K, capacity 8881K, committed 8960K, reserved 1048576K
}

Deoptimization events (10 events):
Event: 110.179 Thread 0x00007f9e49dec800 Uncommon trap: reason=bimorphic action=maybe_recompile pc=0x00000001092f5964 method=java.io.DataOutputStream.write([BII)V @ 7
Event: 110.226 Thread 0x00007f9e49dec800 Uncommon trap: reason=class_check action=maybe_recompile pc=0x000000010a00b7c8 method=com.google.gson.TreeTypeAdapter.write(Lcom/google/gson/stream/JsonWriter;Ljava/lang/Object;)V @ 46
Event: 110.229 Thread 0x00007f9e49dec800 Uncommon trap: reason=class_check action=maybe_recompile pc=0x000000010a00b7c8 method=com.google.gson.TreeTypeAdapter.write(Lcom/google/gson/stream/JsonWriter;Ljava/lang/Object;)V @ 46
Event: 110.229 Thread 0x00007f9e49dec800 Uncommon trap: reason=class_check action=maybe_recompile pc=0x000000010a00b7c8 method=com.google.gson.TreeTypeAdapter.write(Lcom/google/gson/stream/JsonWriter;Ljava/lang/Object;)V @ 46
Event: 110.229 Thread 0x00007f9e49dec800 Uncommon trap: reason=class_check action=maybe_recompile pc=0x000000010a22a610 method=com.google.gson.internal.bind.TypeAdapters$25.write(Lcom/google/gson/stream/JsonWriter;Lcom/google/gson/JsonElement;)V @ 147
Event: 110.229 Thread 0x00007f9e49dec800 Uncommon trap: reason=class_check action=maybe_recompile pc=0x000000010a2299e0 method=com.google.gson.internal.bind.TypeAdapters$25.write(Lcom/google/gson/stream/JsonWriter;Lcom/google/gson/JsonElement;)V @ 74
Event: 110.229 Thread 0x00007f9e49dec800 Uncommon trap: reason=class_check action=maybe_recompile pc=0x000000010a22a610 method=com.google.gson.internal.bind.TypeAdapters$25.write(Lcom/google/gson/stream/JsonWriter;Lcom/google/gson/JsonElement;)V @ 147
Event: 110.229 Thread 0x00007f9e49dec800 Uncommon trap: reason=class_check action=maybe_recompile pc=0x000000010a2299e0 method=com.google.gson.internal.bind.TypeAdapters$25.write(Lcom/google/gson/stream/JsonWriter;Lcom/google/gson/JsonElement;)V @ 74
Event: 110.229 Thread 0x00007f9e49dec800 Uncommon trap: reason=unreached action=reinterpret pc=0x000000010a2176dc method=com.google.gson.stream.JsonWriter.string(Ljava/lang/String;)V @ 68
Event: 110.252 Thread 0x00007f9e49dec800 Uncommon trap: reason=class_check action=maybe_recompile pc=0x000000010a00b7c8 method=com.google.gson.TreeTypeAdapter.write(Lcom/google/gson/stream/JsonWriter;Ljava/lang/Object;)V @ 46

Internal exceptions (10 events):
Event: 110.261 Thread 0x00007f9e49dec800 Exception <a 'java/security/PrivilegedActionException'> (0x00000007aecfc828) thrown at [/HUDSON3/workspace/8-2-build-macosx-x86_64/jdk8u25/1514/hotspot/src/share/vm/prims/jvm.cpp, line 1312]
Event: 110.261 Thread 0x00007f9e49dec800 Exception <a 'java/security/PrivilegedActionException'> (0x00000007aed04a78) thrown at [/HUDSON3/workspace/8-2-build-macosx-x86_64/jdk8u25/1514/hotspot/src/share/vm/prims/jvm.cpp, line 1312]
Event: 110.261 Thread 0x00007f9e49dec800 Exception <a 'java/security/PrivilegedActionException'> (0x00000007aed0ccc8) thrown at [/HUDSON3/workspace/8-2-build-macosx-x86_64/jdk8u25/1514/hotspot/src/share/vm/prims/jvm.cpp, line 1312]
Event: 110.262 Thread 0x00007f9e49dec800 Exception <a 'java/security/PrivilegedActionException'> (0x00000007aed14f18) thrown at [/HUDSON3/workspace/8-2-build-macosx-x86_64/jdk8u25/1514/hotspot/src/share/vm/prims/jvm.cpp, line 1312]
Event: 110.263 Thread 0x00007f9e49dec800 Exception <a 'java/security/PrivilegedActionException'> (0x00000007aed1d168) thrown at [/HUDSON3/workspace/8-2-build-macosx-x86_64/jdk8u25/1514/hotspot/src/share/vm/prims/jvm.cpp, line 1312]
Event: 1392.545 Thread 0x00007f9e3bad3000 Exception <a 'java/security/PrivilegedActionException'> (0x00000007b3818d38) thrown at [/HUDSON3/workspace/8-2-build-macosx-x86_64/jdk8u25/1514/hotspot/src/share/vm/prims/jvm.cpp, line 1312]
Event: 1392.596 Thread 0x00007f9e3be2d800 Exception <a 'java/security/PrivilegedActionException'> (0x00000007b374d9b8) thrown at [/HUDSON3/workspace/8-2-build-macosx-x86_64/jdk8u25/1514/hotspot/src/share/vm/prims/jvm.cpp, line 1312]
Event: 1392.607 Thread 0x00007f9e3be2d800 Exception <a 'java/security/PrivilegedActionException'> (0x00000007b37551e0) thrown at [/HUDSON3/workspace/8-2-build-macosx-x86_64/jdk8u25/1514/hotspot/src/share/vm/prims/jvm.cpp, line 1312]
Event: 1392.607 Thread 0x00007f9e3bad3000 Exception <a 'java/security/PrivilegedActionException'> (0x00000007b3822740) thrown at [/HUDSON3/workspace/8-2-build-macosx-x86_64/jdk8u25/1514/hotspot/src/share/vm/prims/jvm.cpp, line 1312]
Event: 1392.607 Thread 0x00007f9e3bad3000 Exception <a 'java/security/PrivilegedActionException'> (0x00000007b38295c8) thrown at [/HUDSON3/workspace/8-2-build-macosx-x86_64/jdk8u25/1514/hotspot/src/share/vm/prims/jvm.cpp, line 1312]

Events (10 events):
Event: 1392.607 loading class javax/servlet/ServletContext done
Event: 1392.622 Thread 0x00007f9e3a81e000 flushing nmethod 0x0000000109d218d0
Event: 1392.625 Thread 0x00007f9e3a81e000 flushing nmethod 0x0000000109d4dad0
Event: 1392.629 Thread 0x00007f9e3bad3000 Thread exited: 0x00007f9e3bad3000
Event: 1392.636 Thread 0x00007f9e3a81e000 flushing nmethod 0x0000000109e24d50
Event: 1392.636 Executing VM operation: RevokeBias
Event: 1392.637 Executing VM operation: RevokeBias done
Event: 1392.637 Thread 0x00007f9e3a81e000 flushing nmethod 0x0000000109e33810
Event: 1392.638 Thread 0x00007f9e3be2d800 Thread exited: 0x00007f9e3be2d800
Event: 1392.638 Executing VM operation: Exit


Dynamic libraries:
0x00000000558a2000 	/System/Library/Frameworks/Cocoa.framework/Versions/A/Cocoa
0x00000000558a2000 	/System/Library/Frameworks/Security.framework/Versions/A/Security
0x00000000558a2000 	/System/Library/Frameworks/ApplicationServices.framework/Versions/A/ApplicationServices
0x00000000558a2000 	/usr/lib/libz.1.dylib
0x00000000558a2000 	/usr/lib/libSystem.B.dylib
0x00000000558a2000 	/usr/lib/libobjc.A.dylib
0x00000000558a2000 	/System/Library/Frameworks/CoreFoundation.framework/Versions/A/CoreFoundation
0x00000000558a2000 	/System/Library/Frameworks/Foundation.framework/Versions/C/Foundation
0x00000000558a2000 	/System/Library/Frameworks/AppKit.framework/Versions/C/AppKit
0x00000000558a2000 	/System/Library/Frameworks/CoreData.framework/Versions/A/CoreData
0x00000000558a2000 	/System/Library/PrivateFrameworks/RemoteViewServices.framework/Versions/A/RemoteViewServices
0x00000000558a2000 	/System/Library/PrivateFrameworks/UIFoundation.framework/Versions/A/UIFoundation
0x00000000558a2000 	/System/Library/PrivateFrameworks/DFRFoundation.framework/Versions/A/DFRFoundation
0x00000000558a2000 	/usr/lib/libenergytrace.dylib
0x00000000558a2000 	/System/Library/PrivateFrameworks/SkyLight.framework/Versions/A/SkyLight
0x00000000558a2000 	/System/Library/Frameworks/CoreGraphics.framework/Versions/A/CoreGraphics
0x00000000558a2000 	/usr/lib/libScreenReader.dylib
0x00000000558a2000 	/System/Library/Frameworks/Accelerate.framework/Versions/A/Accelerate
0x00000000558a2000 	/System/Library/Frameworks/IOSurface.framework/Versions/A/IOSurface
0x00000000558a2000 	/System/Library/Frameworks/AudioToolbox.framework/Versions/A/AudioToolbox
0x00000000558a2000 	/System/Library/Frameworks/AudioUnit.framework/Versions/A/AudioUnit
0x00000000558a2000 	/System/Library/PrivateFrameworks/DataDetectorsCore.framework/Versions/A/DataDetectorsCore
0x00000000558a2000 	/System/Library/PrivateFrameworks/DesktopServicesPriv.framework/Versions/A/DesktopServicesPriv
0x00000000558a2000 	/System/Library/Frameworks/Carbon.framework/Versions/A/Frameworks/HIToolbox.framework/Versions/A/HIToolbox
0x00000000558a2000 	/usr/lib/libicucore.A.dylib
0x00000000558a2000 	/System/Library/Frameworks/QuartzCore.framework/Versions/A/QuartzCore
0x00000000558a2000 	/System/Library/Frameworks/Carbon.framework/Versions/A/Frameworks/SpeechRecognition.framework/Versions/A/SpeechRecognition
0x00000000558a2000 	/usr/lib/libauto.dylib
0x00000000558a2000 	/usr/lib/libxml2.2.dylib
0x00000000558a2000 	/System/Library/PrivateFrameworks/CoreUI.framework/Versions/A/CoreUI
0x00000000558a2000 	/System/Library/Frameworks/CoreAudio.framework/Versions/A/CoreAudio
0x00000000558a2000 	/System/Library/Frameworks/DiskArbitration.framework/Versions/A/DiskArbitration
0x00000000558a2000 	/usr/lib/liblangid.dylib
0x00000000558a2000 	/System/Library/PrivateFrameworks/MultitouchSupport.framework/Versions/A/MultitouchSupport
0x00000000558a2000 	/System/Library/Frameworks/IOKit.framework/Versions/A/IOKit
0x00000000558a2000 	/usr/lib/libDiagnosticMessagesClient.dylib
0x00000000558a2000 	/System/Library/Frameworks/CoreServices.framework/Versions/A/CoreServices
0x00000000558a2000 	/System/Library/PrivateFrameworks/PerformanceAnalysis.framework/Versions/A/PerformanceAnalysis
0x00000000558a2000 	/System/Library/PrivateFrameworks/GenerationalStorage.framework/Versions/A/GenerationalStorage
0x00000000558a2000 	/System/Library/Frameworks/OpenGL.framework/Versions/A/OpenGL
0x00000000558a2000 	/System/Library/Frameworks/CoreImage.framework/Versions/A/CoreImage
0x00000000558a2000 	/System/Library/Frameworks/CoreText.framework/Versions/A/CoreText
0x00000000558a2000 	/System/Library/Frameworks/ImageIO.framework/Versions/A/ImageIO
0x00000000558a2000 	/System/Library/PrivateFrameworks/Backup.framework/Versions/A/Backup
0x00000000558a2000 	/usr/lib/libarchive.2.dylib
0x00000000558a2000 	/System/Library/Frameworks/CFNetwork.framework/Versions/A/CFNetwork
0x00000000558a2000 	/System/Library/Frameworks/SystemConfiguration.framework/Versions/A/SystemConfiguration
0x00000000558a2000 	/usr/lib/libCRFSuite.dylib
0x00000000558a2000 	/usr/lib/libc++.1.dylib
0x00000000558a2000 	/usr/lib/libc++abi.dylib
0x00000000558a2000 	/usr/lib/system/libcache.dylib
0x00000000558a2000 	/usr/lib/system/libcommonCrypto.dylib
0x00000000558a2000 	/usr/lib/system/libcompiler_rt.dylib
0x00000000558a2000 	/usr/lib/system/libcopyfile.dylib
0x00000000558a2000 	/usr/lib/system/libcorecrypto.dylib
0x00000000558a2000 	/usr/lib/system/libdispatch.dylib
0x00000000558a2000 	/usr/lib/system/libdyld.dylib
0x00000000558a2000 	/usr/lib/system/libkeymgr.dylib
0x00000000558a2000 	/usr/lib/system/liblaunch.dylib
0x00000000558a2000 	/usr/lib/system/libmacho.dylib
0x00000000558a2000 	/usr/lib/system/libquarantine.dylib
0x00000000558a2000 	/usr/lib/system/libremovefile.dylib
0x00000000558a2000 	/usr/lib/system/libsystem_asl.dylib
0x00000000558a2000 	/usr/lib/system/libsystem_blocks.dylib
0x00000000558a2000 	/usr/lib/system/libsystem_c.dylib
0x00000000558a2000 	/usr/lib/system/libsystem_configuration.dylib
0x00000000558a2000 	/usr/lib/system/libsystem_coreservices.dylib
0x00000000558a2000 	/usr/lib/system/libsystem_coretls.dylib
0x00000000558a2000 	/usr/lib/system/libsystem_dnssd.dylib
0x00000000558a2000 	/usr/lib/system/libsystem_info.dylib
0x00000000558a2000 	/usr/lib/system/libsystem_kernel.dylib
0x00000000558a2000 	/usr/lib/system/libsystem_m.dylib
0x00000000558a2000 	/usr/lib/system/libsystem_malloc.dylib
0x00000000558a2000 	/usr/lib/system/libsystem_network.dylib
0x00000000558a2000 	/usr/lib/system/libsystem_networkextension.dylib
0x00000000558a2000 	/usr/lib/system/libsystem_notify.dylib
0x00000000558a2000 	/usr/lib/system/libsystem_platform.dylib
0x00000000558a2000 	/usr/lib/system/libsystem_pthread.dylib
0x00000000558a2000 	/usr/lib/system/libsystem_sandbox.dylib
0x00000000558a2000 	/usr/lib/system/libsystem_secinit.dylib
0x00000000558a2000 	/usr/lib/system/libsystem_symptoms.dylib
0x00000000558a2000 	/usr/lib/system/libsystem_trace.dylib
0x00000000558a2000 	/usr/lib/system/libunwind.dylib
0x00000000558a2000 	/usr/lib/system/libxpc.dylib
0x00000000558a2000 	/usr/lib/libbsm.0.dylib
0x00000000558a2000 	/usr/lib/system/libkxld.dylib
0x00000000558a2000 	/usr/lib/libcoretls.dylib
0x00000000558a2000 	/usr/lib/libcoretls_cfhelpers.dylib
0x00000000558a2000 	/usr/lib/libOpenScriptingUtil.dylib
0x00000000558a2000 	/usr/lib/libpam.2.dylib
0x00000000558a2000 	/usr/lib/libsqlite3.dylib
0x00000000558a2000 	/usr/lib/libxar.1.dylib
0x00000000558a2000 	/usr/lib/libbz2.1.0.dylib
0x00000000558a2000 	/usr/lib/liblzma.5.dylib
0x00000000558a2000 	/usr/lib/libnetwork.dylib
0x00000000558a2000 	/usr/lib/libpcap.A.dylib
0x00000000558a2000 	/System/Library/Frameworks/CoreServices.framework/Versions/A/Frameworks/FSEvents.framework/Versions/A/FSEvents
0x00000000558a2000 	/System/Library/Frameworks/CoreServices.framework/Versions/A/Frameworks/CarbonCore.framework/Versions/A/CarbonCore
0x00000000558a2000 	/System/Library/Frameworks/CoreServices.framework/Versions/A/Frameworks/Metadata.framework/Versions/A/Metadata
0x00000000558a2000 	/System/Library/Frameworks/CoreServices.framework/Versions/A/Frameworks/OSServices.framework/Versions/A/OSServices
0x00000000558a2000 	/System/Library/Frameworks/CoreServices.framework/Versions/A/Frameworks/SearchKit.framework/Versions/A/SearchKit
0x00000000558a2000 	/System/Library/Frameworks/CoreServices.framework/Versions/A/Frameworks/AE.framework/Versions/A/AE
0x00000000558a2000 	/System/Library/Frameworks/CoreServices.framework/Versions/A/Frameworks/LaunchServices.framework/Versions/A/LaunchServices
0x00000000558a2000 	/System/Library/Frameworks/CoreServices.framework/Versions/A/Frameworks/DictionaryServices.framework/Versions/A/DictionaryServices
0x00000000558a2000 	/System/Library/Frameworks/CoreServices.framework/Versions/A/Frameworks/SharedFileList.framework/Versions/A/SharedFileList
0x00000000558a2000 	/System/Library/Frameworks/NetFS.framework/Versions/A/NetFS
0x00000000558a2000 	/System/Library/PrivateFrameworks/NetAuth.framework/Versions/A/NetAuth
0x00000000558a2000 	/System/Library/PrivateFrameworks/login.framework/Versions/A/Frameworks/loginsupport.framework/Versions/A/loginsupport
0x00000000558a2000 	/System/Library/PrivateFrameworks/TCC.framework/Versions/A/TCC
0x00000000558a2000 	/usr/lib/libmecabra.dylib
0x00000000558a2000 	/System/Library/Frameworks/ApplicationServices.framework/Versions/A/Frameworks/ATS.framework/Versions/A/ATS
0x00000000558a2000 	/System/Library/Frameworks/ApplicationServices.framework/Versions/A/Frameworks/ColorSync.framework/Versions/A/ColorSync
0x00000000558a2000 	/System/Library/Frameworks/ApplicationServices.framework/Versions/A/Frameworks/HIServices.framework/Versions/A/HIServices
0x00000000558a2000 	/System/Library/Frameworks/ApplicationServices.framework/Versions/A/Frameworks/LangAnalysis.framework/Versions/A/LangAnalysis
0x00000000558a2000 	/System/Library/Frameworks/ApplicationServices.framework/Versions/A/Frameworks/PrintCore.framework/Versions/A/PrintCore
0x00000000558a2000 	/System/Library/Frameworks/ApplicationServices.framework/Versions/A/Frameworks/QD.framework/Versions/A/QD
0x00000000558a2000 	/System/Library/Frameworks/ApplicationServices.framework/Versions/A/Frameworks/SpeechSynthesis.framework/Versions/A/SpeechSynthesis
0x00000000558a2000 	/System/Library/Frameworks/Accelerate.framework/Versions/A/Frameworks/vImage.framework/Versions/A/vImage
0x00000000558a2000 	/System/Library/Frameworks/Accelerate.framework/Versions/A/Frameworks/vecLib.framework/Versions/A/vecLib
0x00000000558a2000 	/System/Library/Frameworks/Accelerate.framework/Versions/A/Frameworks/vecLib.framework/Versions/A/libvDSP.dylib
0x00000000558a2000 	/System/Library/Frameworks/Accelerate.framework/Versions/A/Frameworks/vecLib.framework/Versions/A/libBNNS.dylib
0x00000000558a2000 	/System/Library/Frameworks/Accelerate.framework/Versions/A/Frameworks/vecLib.framework/Versions/A/libQuadrature.dylib
0x00000000558a2000 	/System/Library/Frameworks/Accelerate.framework/Versions/A/Frameworks/vecLib.framework/Versions/A/libvMisc.dylib
0x00000000558a2000 	/System/Library/Frameworks/Accelerate.framework/Versions/A/Frameworks/vecLib.framework/Versions/A/libLAPACK.dylib
0x00000000558a2000 	/System/Library/Frameworks/Accelerate.framework/Versions/A/Frameworks/vecLib.framework/Versions/A/libBLAS.dylib
0x00000000558a2000 	/System/Library/Frameworks/Accelerate.framework/Versions/A/Frameworks/vecLib.framework/Versions/A/libLinearAlgebra.dylib
0x00000000558a2000 	/System/Library/Frameworks/Accelerate.framework/Versions/A/Frameworks/vecLib.framework/Versions/A/libSparseBLAS.dylib
0x00000000558a2000 	/System/Library/Frameworks/ApplicationServices.framework/Versions/A/Frameworks/ATS.framework/Versions/A/Resources/libFontParser.dylib
0x00000000558a2000 	/System/Library/Frameworks/ApplicationServices.framework/Versions/A/Frameworks/ATS.framework/Versions/A/Resources/libFontRegistry.dylib
0x00000000558a2000 	/System/Library/Frameworks/ImageIO.framework/Versions/A/Resources/libJPEG.dylib
0x00000000558a2000 	/System/Library/Frameworks/ImageIO.framework/Versions/A/Resources/libTIFF.dylib
0x00000000558a2000 	/System/Library/Frameworks/ImageIO.framework/Versions/A/Resources/libPng.dylib
0x00000000558a2000 	/System/Library/Frameworks/ImageIO.framework/Versions/A/Resources/libGIF.dylib
0x00000000558a2000 	/System/Library/Frameworks/ImageIO.framework/Versions/A/Resources/libJP2.dylib
0x00000000558a2000 	/System/Library/Frameworks/ImageIO.framework/Versions/A/Resources/libRadiance.dylib
0x00000000558a2000 	/usr/lib/libcompression.dylib
0x00000000558a2000 	/System/Library/PrivateFrameworks/AppleJPEG.framework/Versions/A/AppleJPEG
0x00000000558a2000 	/usr/lib/libcups.2.dylib
0x00000000558a2000 	/System/Library/Frameworks/Kerberos.framework/Versions/A/Kerberos
0x00000000558a2000 	/System/Library/Frameworks/GSS.framework/Versions/A/GSS
0x00000000558a2000 	/usr/lib/libresolv.9.dylib
0x00000000558a2000 	/usr/lib/libiconv.2.dylib
0x00000000558a2000 	/System/Library/PrivateFrameworks/Heimdal.framework/Versions/A/Heimdal
0x00000000558a2000 	/usr/lib/libheimdal-asn1.dylib
0x00000000558a2000 	/System/Library/Frameworks/OpenDirectory.framework/Versions/A/OpenDirectory
0x00000000558a2000 	/System/Library/PrivateFrameworks/CommonAuth.framework/Versions/A/CommonAuth
0x00000000558a2000 	/System/Library/Frameworks/OpenDirectory.framework/Versions/A/Frameworks/CFOpenDirectory.framework/Versions/A/CFOpenDirectory
0x00000000558a2000 	/System/Library/Frameworks/SecurityFoundation.framework/Versions/A/SecurityFoundation
0x00000000558a2000 	/System/Library/PrivateFrameworks/LanguageModeling.framework/Versions/A/LanguageModeling
0x00000000558a2000 	/usr/lib/libmarisa.dylib
0x00000000558a2000 	/usr/lib/libChineseTokenizer.dylib
0x00000000558a2000 	/usr/lib/libcmph.dylib
0x00000000558a2000 	/System/Library/PrivateFrameworks/CoreEmoji.framework/Versions/A/CoreEmoji
0x00000000558a2000 	/System/Library/Frameworks/ServiceManagement.framework/Versions/A/ServiceManagement
0x00000000558a2000 	/usr/lib/libxslt.1.dylib
0x00000000558a2000 	/System/Library/Frameworks/Carbon.framework/Versions/A/Frameworks/Ink.framework/Versions/A/Ink
0x00000000558a2000 	/System/Library/PrivateFrameworks/TextureIO.framework/Versions/A/TextureIO
0x00000000558a2000 	/System/Library/Frameworks/Metal.framework/Versions/A/Metal
0x00000000558a2000 	/usr/lib/libate.dylib
0x00000000558a2000 	/System/Library/PrivateFrameworks/GPUCompiler.framework/libmetal_timestamp.dylib
0x00000000558a2000 	/System/Library/Frameworks/OpenGL.framework/Versions/A/Libraries/libCoreFSCache.dylib
0x00000000558a2000 	/System/Library/PrivateFrameworks/IOAccelerator.framework/Versions/A/IOAccelerator
0x00000000558a2000 	/System/Library/Frameworks/CoreVideo.framework/Versions/A/CoreVideo
0x00000000558a2000 	/usr/lib/libFosl_dynamic.dylib
0x00000000558a2000 	/System/Library/PrivateFrameworks/MetalPerformanceShaders.framework/Versions/A/MetalPerformanceShaders
0x00000000558a2000 	/System/Library/PrivateFrameworks/FaceCore.framework/Versions/A/FaceCore
0x00000000558a2000 	/System/Library/Frameworks/OpenCL.framework/Versions/A/OpenCL
0x00000000558a2000 	/System/Library/Frameworks/OpenGL.framework/Versions/A/Libraries/libGLU.dylib
0x00000000558a2000 	/System/Library/Frameworks/OpenGL.framework/Versions/A/Libraries/libGFXShared.dylib
0x00000000558a2000 	/System/Library/Frameworks/OpenGL.framework/Versions/A/Libraries/libGL.dylib
0x00000000558a2000 	/System/Library/Frameworks/OpenGL.framework/Versions/A/Libraries/libGLImage.dylib
0x00000000558a2000 	/System/Library/Frameworks/OpenGL.framework/Versions/A/Libraries/libCVMSPluginSupport.dylib
0x00000000558a2000 	/System/Library/Frameworks/OpenGL.framework/Versions/A/Libraries/libCoreVMClient.dylib
0x00000000558a2000 	/System/Library/PrivateFrameworks/CrashReporterSupport.framework/Versions/A/CrashReporterSupport
0x00000000558a2000 	/System/Library/PrivateFrameworks/Sharing.framework/Versions/A/Sharing
0x00000000558a2000 	/System/Library/PrivateFrameworks/IconServices.framework/Versions/A/IconServices
0x00000000558a2000 	/System/Library/PrivateFrameworks/ProtocolBuffer.framework/Versions/A/ProtocolBuffer
0x00000000558a2000 	/System/Library/PrivateFrameworks/Apple80211.framework/Versions/A/Apple80211
0x00000000558a2000 	/System/Library/Frameworks/CoreWLAN.framework/Versions/A/CoreWLAN
0x00000000558a2000 	/System/Library/PrivateFrameworks/CoreUtils.framework/Versions/A/CoreUtils
0x00000000558a2000 	/System/Library/Frameworks/IOBluetooth.framework/Versions/A/IOBluetooth
0x00000000558a2000 	/System/Library/PrivateFrameworks/CoreWiFi.framework/Versions/A/CoreWiFi
0x00000000558a2000 	/System/Library/Frameworks/CoreBluetooth.framework/Versions/A/CoreBluetooth
0x00000000558a2000 	/System/Library/Frameworks/CoreDisplay.framework/Versions/A/CoreDisplay
0x00000000558a2000 	/System/Library/PrivateFrameworks/IOPresentment.framework/Versions/A/IOPresentment
0x00000000558a2000 	/System/Library/PrivateFrameworks/DSExternalDisplay.framework/Versions/A/DSExternalDisplay
0x00000000558a2000 	/System/Library/PrivateFrameworks/DebugSymbols.framework/Versions/A/DebugSymbols
0x00000000558a2000 	/System/Library/PrivateFrameworks/CoreSymbolication.framework/Versions/A/CoreSymbolication
0x00000000558a2000 	/System/Library/PrivateFrameworks/Symbolication.framework/Versions/A/Symbolication
0x00000000558a2000 	/System/Library/PrivateFrameworks/AppleFSCompression.framework/Versions/A/AppleFSCompression
0x00000000558a2000 	/System/Library/PrivateFrameworks/SpeechRecognitionCore.framework/Versions/A/SpeechRecognitionCore
0x00000000558a2000 	/System/Library/PrivateFrameworks/ChunkingLibrary.framework/Versions/A/ChunkingLibrary
0x0000000103800000 	/Library/Java/JavaVirtualMachines/jdk1.8.0_25.jdk/Contents/Home/jre/lib/server/libjvm.dylib
0x00000000558a2000 	/usr/lib/libstdc++.6.dylib
0x0000000102f8d000 	/Library/Java/JavaVirtualMachines/jdk1.8.0_25.jdk/Contents/Home/jre/lib/libverify.dylib
0x0000000102f9b000 	/Library/Java/JavaVirtualMachines/jdk1.8.0_25.jdk/Contents/Home/jre/lib/libjava.dylib
0x0000000102fd0000 	/Library/Java/JavaVirtualMachines/jdk1.8.0_25.jdk/Contents/Home/jre/lib/libinstrument.dylib
0x000000010474d000 	/Library/Java/JavaVirtualMachines/jdk1.8.0_25.jdk/Contents/Home/jre/lib/libzip.dylib
0x0000000108b24000 	/System/Library/Frameworks/JavaVM.framework/Frameworks/JavaRuntimeSupport.framework/JavaRuntimeSupport
0x0000000108b3e000 	/System/Library/Frameworks/JavaVM.framework/Versions/A/Frameworks/JavaNativeFoundation.framework/Versions/A/JavaNativeFoundation
0x0000000108b53000 	/System/Library/Frameworks/JavaVM.framework/Versions/A/JavaVM
0x00000000558a2000 	/System/Library/Frameworks/Carbon.framework/Versions/A/Carbon
0x0000000108b60000 	/System/Library/PrivateFrameworks/JavaLaunching.framework/Versions/A/JavaLaunching
0x00000000558a2000 	/System/Library/Frameworks/Carbon.framework/Versions/A/Frameworks/CommonPanels.framework/Versions/A/CommonPanels
0x00000000558a2000 	/System/Library/Frameworks/Carbon.framework/Versions/A/Frameworks/Help.framework/Versions/A/Help
0x00000000558a2000 	/System/Library/Frameworks/Carbon.framework/Versions/A/Frameworks/ImageCapture.framework/Versions/A/ImageCapture
0x00000000558a2000 	/System/Library/Frameworks/Carbon.framework/Versions/A/Frameworks/OpenScripting.framework/Versions/A/OpenScripting
0x00000000558a2000 	/System/Library/Frameworks/Carbon.framework/Versions/A/Frameworks/Print.framework/Versions/A/Print
0x00000000558a2000 	/System/Library/Frameworks/Carbon.framework/Versions/A/Frameworks/SecurityHI.framework/Versions/A/SecurityHI
0x0000000119a3d000 	/Library/Java/JavaVirtualMachines/jdk1.8.0_25.jdk/Contents/Home/jre/lib/libnet.dylib
0x0000000119a9c000 	/Library/Java/JavaVirtualMachines/jdk1.8.0_25.jdk/Contents/Home/jre/lib/libmanagement.dylib
0x0000000119aa9000 	/Library/Java/JavaVirtualMachines/jdk1.8.0_25.jdk/Contents/Home/jre/lib/libnio.dylib
0x000000011aa22000 	/Library/Java/JavaVirtualMachines/jdk1.8.0_25.jdk/Contents/Home/jre/lib/libawt.dylib
0x000000011b386000 	/Library/Java/JavaVirtualMachines/jdk1.8.0_25.jdk/Contents/Home/jre/lib/./libmlib_image.dylib
0x000000011b690000 	/Library/Java/JavaVirtualMachines/jdk1.8.0_25.jdk/Contents/Home/jre/lib/libawt_lwawt.dylib
0x0000000119b27000 	/Library/Java/JavaVirtualMachines/jdk1.8.0_25.jdk/Contents/Home/jre/lib/./libosxapp.dylib
0x00000000558a2000 	/System/Library/Frameworks/ExceptionHandling.framework/Versions/A/ExceptionHandling
0x00000000558a2000 	/System/Library/PrivateFrameworks/CoreServicesInternal.framework/Versions/A/CoreServicesInternal
0x00000000558a2000 	/System/Library/CoreServices/RawCamera.bundle/Contents/MacOS/RawCamera
0x00000000558a2000 	/System/Library/Frameworks/Accelerate.framework/Versions/A/Frameworks/vImage.framework/Versions/A/Libraries/libCGInterfaces.dylib
0x00000000558a2000 	/System/Library/Frameworks/ApplicationServices.framework/Versions/A/Frameworks/ATS.framework/Versions/A/Resources/libTrueTypeScaler.dylib
0x00000000558a2000 	/System/Library/Frameworks/OpenGL.framework/Versions/A/Resources/GLEngine.bundle/GLEngine
0x00000000558a2000 	/System/Library/Frameworks/OpenGL.framework/Versions/A/Libraries/libGLProgrammability.dylib
0x000000011d553000 	/System/Library/Extensions/AppleIntelHD3000GraphicsGLDriver.bundle/Contents/MacOS/AppleIntelHD3000GraphicsGLDriver
0x00000000558a2000 	/System/Library/PrivateFrameworks/GPUSupport.framework/Versions/A/Libraries/libGPUSupport.dylib
0x00000000558a2000 	/System/Library/Frameworks/OpenGL.framework/Versions/A/Resources/GLRendererFloat.bundle/GLRendererFloat
0x00000000558a2000 	/System/Library/Frameworks/OpenCL.framework/Versions/A/Libraries/libcldcpuengine.dylib
0x00000000558a2000 	/usr/lib/libcrypto.0.9.8.dylib
0x00000000558a2000 	/System/Library/PrivateFrameworks/TrustEvaluationAgent.framework/Versions/A/TrustEvaluationAgent
0x00000000558a2000 	/System/Library/PrivateFrameworks/FamilyControls.framework/Versions/A/FamilyControls
0x00000000558a2000 	/System/Library/PrivateFrameworks/CommerceKit.framework/Versions/A/Frameworks/CommerceCore.framework/Versions/A/CommerceCore
0x00000000558a2000 	/System/Library/PrivateFrameworks/SystemAdministration.framework/Versions/A/SystemAdministration
0x00000000558a2000 	/System/Library/PrivateFrameworks/AppContainer.framework/Versions/A/AppContainer
0x00000000558a2000 	/System/Library/PrivateFrameworks/SecCodeWrapper.framework/Versions/A/SecCodeWrapper
0x00000000558a2000 	/System/Library/Frameworks/DirectoryService.framework/Versions/A/DirectoryService
0x00000000558a2000 	/System/Library/PrivateFrameworks/DiskImages.framework/Versions/A/DiskImages
0x00000000558a2000 	/System/Library/PrivateFrameworks/LoginUIKit.framework/Versions/A/Frameworks/LoginUICore.framework/Versions/A/LoginUICore
0x00000000558a2000 	/usr/lib/libCoreStorage.dylib
0x00000000558a2000 	/usr/lib/libcsfde.dylib
0x00000000558a2000 	/usr/lib/libodfde.dylib
0x00000000558a2000 	/System/Library/Frameworks/DiscRecording.framework/Versions/A/DiscRecording
0x00000000558a2000 	/usr/lib/libcurl.4.dylib
0x00000000558a2000 	/System/Library/PrivateFrameworks/MediaKit.framework/Versions/A/MediaKit
0x00000000558a2000 	/System/Library/PrivateFrameworks/ProtectedCloudStorage.framework/Versions/A/ProtectedCloudStorage
0x00000000558a2000 	/System/Library/PrivateFrameworks/EFILogin.framework/Versions/A/EFILogin
0x00000000558a2000 	/usr/lib/libutil.dylib
0x00000000558a2000 	/System/Library/Frameworks/LDAP.framework/Versions/A/LDAP
0x00000000558a2000 	/usr/lib/libsasl2.2.dylib
0x00000000558a2000 	/System/Library/PrivateFrameworks/CoreDaemon.framework/Versions/B/CoreDaemon
0x00000000558a2000 	/System/Library/PrivateFrameworks/AppleSRP.framework/Versions/A/AppleSRP
0x00000000558a2000 	/System/Library/PrivateFrameworks/APFS.framework/Versions/A/APFS
0x000000011c1df000 	/Library/Java/JavaVirtualMachines/jdk1.8.0_25.jdk/Contents/Home/jre/lib/libfontmanager.dylib
0x000000011ee0d000 	/Users/johanjulien/.gradle/caches/minecraft/net/minecraft/natives/1.10.2/liblwjgl.dylib
0x0000000119ebb000 	/Library/Java/JavaVirtualMachines/jdk1.8.0_25.jdk/Contents/Home/jre/lib/libjawt.dylib
0x00000000558a2000 	/System/Library/PrivateFrameworks/ViewBridge.framework/Versions/A/ViewBridge
0x00000000558a2000 	/System/Library/PrivateFrameworks/XPCService.framework/Versions/A/XPCService
0x00000000558a2000 	/System/Library/PrivateFrameworks/AppSandbox.framework/Versions/A/AppSandbox
0x00000000558a2000 	/usr/lib/libsandbox.1.dylib
0x00000000558a2000 	/usr/lib/libMatch.1.dylib
0x000000011d4e3000 	/Users/johanjulien/.gradle/caches/minecraft/net/minecraft/natives/1.10.2/openal.dylib
0x0000000121cec000 	/System/Library/Components/CoreAudio.component/Contents/MacOS/CoreAudio
0x000000011a31f000 	/System/Library/Extensions/AppleHDA.kext/Contents/PlugIns/AppleHDAHALPlugIn.bundle/Contents/MacOS/AppleHDAHALPlugIn
0x000000011a999000 	/Library/Java/JavaVirtualMachines/jdk1.8.0_25.jdk/Contents/Home/jre/lib/libsunec.dylib

VM Arguments:
jvm_args: -javaagent:/Applications/Utilities/IntelliJ IDEA.app/Contents/lib/idea_rt.jar=60284:/Applications/Utilities/IntelliJ IDEA.app/Contents/bin -Dfile.encoding=UTF-8 
java_command: GradleStart
java_class_path (initial): /Library/Java/JavaVirtualMachines/jdk1.8.0_25.jdk/Contents/Home/jre/lib/charsets.jar:/Library/Java/JavaVirtualMachines/jdk1.8.0_25.jdk/Contents/Home/jre/lib/deploy.jar:/Library/Java/JavaVirtualMachines/jdk1.8.0_25.jdk/Contents/Home/jre/lib/ext/cldrdata.jar:/Library/Java/JavaVirtualMachines/jdk1.8.0_25.jdk/Contents/Home/jre/lib/ext/dnsns.jar:/Library/Java/JavaVirtualMachines/jdk1.8.0_25.jdk/Contents/Home/jre/lib/ext/jfxrt.jar:/Library/Java/JavaVirtualMachines/jdk1.8.0_25.jdk/Contents/Home/jre/lib/ext/localedata.jar:/Library/Java/JavaVirtualMachines/jdk1.8.0_25.jdk/Contents/Home/jre/lib/ext/nashorn.jar:/Library/Java/JavaVirtualMachines/jdk1.8.0_25.jdk/Contents/Home/jre/lib/ext/sunec.jar:/Library/Java/JavaVirtualMachines/jdk1.8.0_25.jdk/Contents/Home/jre/lib/ext/sunjce_provider.jar:/Library/Java/JavaVirtualMachines/jdk1.8.0_25.jdk/Contents/Home/jre/lib/ext/sunpkcs11.jar:/Library/Java/JavaVirtualMachines/jdk1.8.0_25.jdk/Contents/Home/jre/lib/ext/zipfs.jar:/Library/Java/JavaVirtualMachines/jdk1.8.0_25.jdk/Contents/Home/jre/lib/javaws.jar:/Library/Java/JavaVirtualMachines/jdk1.8.0_25.jdk/Contents/Home/jre/lib/jce.jar:/Library/Java/JavaVirtualMachines/jdk1.8.0_25.jdk/Contents/Home/jre/lib/jfr.jar:/Library/Java/JavaVirtualMachines/jdk1.8.0_25.jdk/Contents/Home/jre/lib/jfxswt.jar:/Library/Java/JavaVirtualMachines/jdk1.8.0_25.jdk/Contents/Home/jre/lib/jsse.jar:/Library/Java/JavaVirtualMachines/jdk1.8.0_25.jdk/Contents/Home/jre/lib/management-agent.jar:/Library/Java/JavaVirtualMachines/jdk1.8.0_25.jdk/Contents/Home/jre/lib/plugin.jar:/Library/Java/JavaVirtualMachines/jdk1.8.0_25.jdk/Contents/Home/jre/lib/resources.jar:/Library/Java/JavaVirtualMachines/jdk1.8.0_25.jdk/Contents/Home/jre/lib/rt.jar:/Library/Java/JavaVirtualMachines/jdk1.8.0_25.jdk/Contents/Home/lib/ant-javafx.jar:/Library/Java/JavaVirtualMachines/jdk1.8.0_25.jdk/Contents/Home/lib/dt.jar:/Library/Java/JavaVirtualMachines/jdk1.8.0_25.jdk/Contents/Home/lib/javafx-mx.jar:/Library/Java/Jav
Launcher Type: SUN_STANDARD

Environment Variables:
PATH=/usr/local/bin:/usr/bin:/bin:/usr/sbin:/sbin:/opt/X11/bin
SHELL=/bin/bash
DISPLAY=/private/tmp/com.apple.launchd.P1FoIpum5A/org.macosforge.xquartz:0

Signal Handlers:
SIGSEGV: 