#
# A fatal error has been detected by the Java Runtime Environment:
#
#  SIGSEGV (0xb) at pc=0x0000000000000000, pid=3320, tid=22383
#
# JRE version: Java(TM) SE Runtime Environment (8.0_25-b17) (build 1.8.0_25-b17)
# Java VM: Java HotSpot(TM) 64-Bit Server VM (25.25-b02 mixed mode bsd-amd64 compressed oops)
# Problematic frame:
# C  0x0000000000000000
#
# Failed to write core dump. Core dumps have been disabled. To enable core dumping, try "ulimit -c unlimited" before starting Java again
#
# If you would like to submit a bug report, please visit:
#   http://bugreport.sun.com/bugreport/crash.jsp
#

---------------  T H R E A D  ---------------

Current thread is native thread

siginfo: si_signo: 11 (SIGSEGV), si_code: 1 (SEGV_MAPERR), si_addr: 0x0000000000000000

Registers:
RAX=0x0000000121917508, RBX=0x00000000000161b0, RCX=0x0000000000000010, RDX=0xfffffffffffffff0
RSP=0x00007000106a69e8, RBP=0x00007000106a6a90, RSI=0x0000000000000000, RDI=0x00007f8f6061cc00
R8 =0x0000000000000200, R9 =0x00007f8f59630b40, R10=0x00007f8f60161028, R11=0x000000000001eeb0
R12=0x0000000000000200, R13=0x00007f8f6061cc00, R14=0x00007f8f59611c90, R15=0x0000000000000800
RIP=0x0000000000000000, EFLAGS=0x0000000000010246, ERR=0x0000000000000014
  TRAPNO=0x000000000000000e

Top of Stack: (sp=0x00007000106a69e8)
0x00007000106a69e8:   00000001218e9639 0000000000000000
0x00007000106a69f8:   0000000000000000 00007f8f60624db0
0x00007000106a6a08:   0000000120089010 00007f8f60622db0
0x00007000106a6a18:   0000020000000000 0000000000000000
0x00007000106a6a28:   0000000000000800 0000000000000200
0x00007000106a6a38:   00007f8f60620db0 00007f8f6061cc00
0x00007000106a6a48:   0000020000000000 0000000000000003
0x00007000106a6a58:   000000000000037f 9edc1ef59ac40042
0x00007000106a6a68:   00007f8f590542d0 0000000000000200
0x00007000106a6a78:   00007f8f54a4d268 00007f8f59611c90
0x00007000106a6a88:   00007f8f59630b40 00007000106a6aa0
0x00007000106a6a98:   00000001218f92ef 00007000106a6b20
0x00007000106a6aa8:   000000012600a1a9 00000001090a7000
0x00007000106a6ab8:   00007f8f59054348 00007f8f60160e00
0x00007000106a6ac8:   00007f8f60160ff8 00007f8f590542d0
0x00007000106a6ad8:   000000008ceb4472 00007000106a6c58
0x00007000106a6ae8:   00007000106a6c38 0000020000000000
0x00007000106a6af8:   00007000106a6c38 00007f8f60160e00
0x00007000106a6b08:   00007f8f54a4d1f0 00007f8f59632dc0
0x00007000106a6b18:   0000000000000200 00007000106a6b70
0x00007000106a6b28:   0000000126117034 00007000106a6bb0
0x00007000106a6b38:   00007000106a6c58 00000000106a6b80
0x00007000106a6b48:   0000000000000000 00007f8f60160e00
0x00007000106a6b58:   0000000000000000 0000000000000200
0x00007000106a6b68:   00007f8f59632dc0 00007000106a6be0
0x00007000106a6b78:   0000000126116d34 00007f8f59632dc0
0x00007000106a6b88:   00007f8f54a4d1f0 00007000106a6c38
0x00007000106a6b98:   00007f8f59632dc0 00001fa0ddf020da
0x00007000106a6ba8:   00007000106a6c58 00009fe0b0000000
0x00007000106a6bb8:   00007f8f60160e00 00007f8f59632dc0
0x00007000106a6bc8:   00007f8f54bfbf90 0000000000000200
0x00007000106a6bd8:   0000000000000200 00007000106a6cd0 

Instructions: (pc=0x0000000000000000)
0xffffffffffffffe0:   

Register to memory mapping:

RAX=