#
# A fatal error has been detected by the Java Runtime Environment:
#
#  SIGSEGV (0xb) at pc=0x0000000000000000, pid=4120, tid=4123
#
# JRE version: Java(TM) SE Runtime Environment (8.0_25-b17) (build 1.8.0_25-b17)
# Java VM: Java HotSpot(TM) 64-Bit Server VM (25.25-b02 mixed mode bsd-amd64 compressed oops)
# Problematic frame:
# C  0x0000000000000000
#
# Failed to write core dump. Core dumps have been disabled. To enable core dumping, try "ulimit -c unlimited" before starting Java again
#
# If you would like to submit a bug report, please visit:
#   http://bugreport.sun.com/bugreport/crash.jsp
#

---------------  T H R E A D  ---------------

Current thread is native thread

siginfo: si_signo: 11 (SIGSEGV), si_code: 1 (SEGV_MAPERR), si_addr: 0x0000000000000000

Registers:
RAX=0x00000001133b9508, RBX=0x00000000000161b0, RCX=0x0000000000000010, RDX=0xfffffffffffffff0
RSP=0x000070000b4ba9e8, RBP=0x000070000b4baa90, RSI=0x0000000000000000, RDI=0x00007fc6b01b7600
R8 =0x0000000000000200, R9 =0x00007fc6a8f210c0, R10=0x00007fc6a4267428, R11=0xffffffffffff82a0
R12=0x0000000000000200, R13=0x00007fc6b01b7600, R14=0x00007fc6a8f28e20, R15=0x0000000000000800
RIP=0x0000000000000000, EFLAGS=0x0000000000010246, ERR=0x0000000000000014
  TRAPNO=0x000000000000000e

Top of Stack: (sp=0x000070000b4ba9e8)
0x000070000b4ba9e8:   000000011338b639 0000000000000000
0x000070000b4ba9f8:   0000000000000000 00007fc6b01bf7b0
0x000070000b4baa08:   00000001111e4010 00007fc6b01bd7b0
0x000070000b4baa18:   0000020000000000 0000000000000000
0x000070000b4baa28:   0000000000000800 0000000000000200
0x000070000b4baa38:   00007fc6b01bb7b0 00007fc6b01b7600
0x000070000b4baa48:   0000020000000000 0000000000000003
0x000070000b4baa58:   000000000000037f 61a8b1020d5300b2
0x000070000b4baa68:   00007fc6a8858630 0000000000000200
0x000070000b4baa78:   00007fc6a6263ec8 00007fc6a8f28e20
0x000070000b4baa88:   00007fc6a8f210c0 000070000b4baaa0
0x000070000b4baa98:   000000011339b2ef 000070000b4bab20
0x000070000b4baaa8:   0000000129a241a9 00000001095e4000
0x000070000b4baab8:   00007fc6a88586a8 00007fc6a4267200
0x000070000b4baac8:   00007fc6a42673f8 00007fc6a8858630
0x000070000b4baad8:   00000000d55af472 000070000b4bac58
0x000070000b4baae8:   000070000b4bac38 0000020000000000
0x000070000b4baaf8:   000070000b4bac38 00007fc6a4267200
0x000070000b4bab08:   00007fc6a6263e50 00007fc6a1c3f9e0
0x000070000b4bab18:   0000000000000200 000070000b4bab70
0x000070000b4bab28:   0000000129b31034 000070000b4bac10
0x000070000b4bab38:   000070000b4bac58 00000000a61b7cf0
0x000070000b4bab48:   0000000000000000 00007fc6a4267200
0x000070000b4bab58:   0000000000000000 0000000000000200
0x000070000b4bab68:   00007fc6a1c3f9e0 000070000b4babe0
0x000070000b4bab78:   0000000129b30d34 00007fc6a1c3f9e0
0x000070000b4bab88:   00007fc6a6263e50 000070000b4bac38
0x000070000b4bab98:   00007fc6a1c3f9e0 00001fa088f642a4
0x000070000b4baba8:   000070000b4bac58 00009fe000000000
0x000070000b4babb8:   00007fc6a4267200 00007fc6a1c3f9e0
0x000070000b4babc8:   00007fc6a61a9a20 0000000000000200
0x000070000b4babd8:   0000000000000200 000070000b4bacd0 

Instructions: (pc=0x0000000000000000)
0xffffffffffffffe0:   

Register to memory mapping:

RAX=